0 info it worked if it ends with ok
1 verbose cli [ '/usr/local/bin/node',
1 verbose cli   '/usr/local/bin/npm',
1 verbose cli   'install',
1 verbose cli   '-g',
1 verbose cli   'create-react-app' ]
2 info using npm@3.10.3
3 info using node@v6.6.0
4 silly loadCurrentTree Starting
5 silly install loadCurrentTree
6 silly install readGlobalPackageData
7 silly fetchPackageMetaData create-react-app
8 silly fetchNamedPackageData create-react-app
9 silly mapToRegistry name create-react-app
10 silly mapToRegistry using default registry
11 silly mapToRegistry registry https://registry.npmjs.org/
12 silly mapToRegistry data Result {
12 silly mapToRegistry   raw: 'create-react-app',
12 silly mapToRegistry   scope: null,
12 silly mapToRegistry   escapedName: 'create-react-app',
12 silly mapToRegistry   name: 'create-react-app',
12 silly mapToRegistry   rawSpec: '',
12 silly mapToRegistry   spec: 'latest',
12 silly mapToRegistry   type: 'tag' }
13 silly mapToRegistry uri https://registry.npmjs.org/create-react-app
14 verbose request uri https://registry.npmjs.org/create-react-app
15 verbose request no auth needed
16 info attempt registry request try #1 at 1:27:38 PM
17 verbose request id bf070195fad9f9ed
18 verbose etag "3AI0BPKSZXGSPDPJ6CR3YO9AB"
19 http request GET https://registry.npmjs.org/create-react-app
20 http 200 https://registry.npmjs.org/create-react-app
21 verbose headers { server: 'CouchDB/1.5.0 (Erlang OTP/R16B03)',
21 verbose headers   etag: '"EDX5LZS5FVKOPNHFTVZXE3M6U"',
21 verbose headers   'content-type': 'application/json',
21 verbose headers   'content-encoding': 'gzip',
21 verbose headers   'cache-control': 'max-age=300',
21 verbose headers   'content-length': '2425',
21 verbose headers   'accept-ranges': 'bytes',
21 verbose headers   date: 'Mon, 07 Nov 2016 21:27:39 GMT',
21 verbose headers   via: '1.1 varnish',
21 verbose headers   age: '0',
21 verbose headers   connection: 'keep-alive',
21 verbose headers   'x-served-by': 'cache-sea1922-SEA',
21 verbose headers   'x-cache': 'HIT',
21 verbose headers   'x-cache-hits': '1',
21 verbose headers   'x-timer': 'S1478554059.179287,VS0,VE83',
21 verbose headers   vary: 'Accept-Encoding' }
22 silly get cb [ 200,
22 silly get   { server: 'CouchDB/1.5.0 (Erlang OTP/R16B03)',
22 silly get     etag: '"EDX5LZS5FVKOPNHFTVZXE3M6U"',
22 silly get     'content-type': 'application/json',
22 silly get     'content-encoding': 'gzip',
22 silly get     'cache-control': 'max-age=300',
22 silly get     'content-length': '2425',
22 silly get     'accept-ranges': 'bytes',
22 silly get     date: 'Mon, 07 Nov 2016 21:27:39 GMT',
22 silly get     via: '1.1 varnish',
22 silly get     age: '0',
22 silly get     connection: 'keep-alive',
22 silly get     'x-served-by': 'cache-sea1922-SEA',
22 silly get     'x-cache': 'HIT',
22 silly get     'x-cache-hits': '1',
22 silly get     'x-timer': 'S1478554059.179287,VS0,VE83',
22 silly get     vary: 'Accept-Encoding' } ]
23 verbose get saving create-react-app to /Users/mikefree/.npm/registry.npmjs.org/create-react-app/.cache.json
24 verbose correctMkdir /Users/mikefree/.npm correctMkdir not in flight; initializing
25 silly install normalizeTree
26 silly loadCurrentTree Finishing
27 silly loadIdealTree Starting
28 silly install loadIdealTree
29 silly cloneCurrentTree Starting
30 silly install cloneCurrentTreeToIdealTree
31 silly cloneCurrentTree Finishing
32 silly loadShrinkwrap Starting
33 silly install loadShrinkwrap
34 silly loadShrinkwrap Finishing
35 silly loadAllDepsIntoIdealTree Starting
36 silly install loadAllDepsIntoIdealTree
37 silly resolveWithNewModule create-react-app@0.6.0 checking installable status
38 silly cache add args [ 'create-react-app', null ]
39 verbose cache add spec create-react-app
40 silly cache add parsed spec Result {
40 silly cache add   raw: 'create-react-app',
40 silly cache add   scope: null,
40 silly cache add   escapedName: 'create-react-app',
40 silly cache add   name: 'create-react-app',
40 silly cache add   rawSpec: '',
40 silly cache add   spec: 'latest',
40 silly cache add   type: 'tag' }
41 silly addNamed create-react-app@latest
42 verbose addNamed "latest" is being treated as a dist-tag for create-react-app
43 info addNameTag [ 'create-react-app', 'latest' ]
44 silly mapToRegistry name create-react-app
45 silly mapToRegistry using default registry
46 silly mapToRegistry registry https://registry.npmjs.org/
47 silly mapToRegistry data Result {
47 silly mapToRegistry   raw: 'create-react-app',
47 silly mapToRegistry   scope: null,
47 silly mapToRegistry   escapedName: 'create-react-app',
47 silly mapToRegistry   name: 'create-react-app',
47 silly mapToRegistry   rawSpec: '',
47 silly mapToRegistry   spec: 'latest',
47 silly mapToRegistry   type: 'tag' }
48 silly mapToRegistry uri https://registry.npmjs.org/create-react-app
49 verbose addNameTag registry:https://registry.npmjs.org/create-react-app not in flight; fetching
50 verbose get https://registry.npmjs.org/create-react-app not expired, no request
51 silly addNameTag next cb for create-react-app with tag latest
52 silly addNamed create-react-app@0.6.0
53 verbose addNamed "0.6.0" is a plain semver version for create-react-app
54 silly mapToRegistry name create-react-app
55 silly mapToRegistry using default registry
56 silly mapToRegistry registry https://registry.npmjs.org/
57 silly mapToRegistry data Result {
57 silly mapToRegistry   raw: 'create-react-app',
57 silly mapToRegistry   scope: null,
57 silly mapToRegistry   escapedName: 'create-react-app',
57 silly mapToRegistry   name: 'create-react-app',
57 silly mapToRegistry   rawSpec: '',
57 silly mapToRegistry   spec: 'latest',
57 silly mapToRegistry   type: 'tag' }
58 silly mapToRegistry uri https://registry.npmjs.org/create-react-app
59 verbose addRemoteTarball https://registry.npmjs.org/create-react-app/-/create-react-app-0.6.0.tgz not in flight; adding
60 verbose addRemoteTarball [ 'https://registry.npmjs.org/create-react-app/-/create-react-app-0.6.0.tgz',
60 verbose addRemoteTarball   'e2ded0889ce7204e8a5a04f64900c9f3dcd51b8c' ]
61 info retry fetch attempt 1 at 1:27:39 PM
62 info attempt registry request try #1 at 1:27:39 PM
63 http fetch GET https://registry.npmjs.org/create-react-app/-/create-react-app-0.6.0.tgz
64 http fetch 200 https://registry.npmjs.org/create-react-app/-/create-react-app-0.6.0.tgz
65 silly fetchAndShaCheck shasum e2ded0889ce7204e8a5a04f64900c9f3dcd51b8c
66 verbose addTmpTarball /var/folders/b5/l9s7_1zd18g9s2s1rcwk2w0xcpd74x/T/npm-29168-0c063d37/registry.npmjs.org/create-react-app/-/create-react-app-0.6.0.tgz not in flight; adding
67 verbose addTmpTarball already have metadata; skipping unpack for create-react-app@0.6.0
68 verbose correctMkdir /Users/mikefree/.npm correctMkdir not in flight; initializing
69 silly cache afterAdd create-react-app@0.6.0
70 verbose afterAdd /Users/mikefree/.npm/create-react-app/0.6.0/package/package.json not in flight; writing
71 verbose correctMkdir /Users/mikefree/.npm correctMkdir not in flight; initializing
72 verbose afterAdd /Users/mikefree/.npm/create-react-app/0.6.0/package/package.json written
73 silly fetchNamedPackageData chalk
74 silly mapToRegistry name chalk
75 silly mapToRegistry using default registry
76 silly mapToRegistry registry https://registry.npmjs.org/
77 silly mapToRegistry data Result {
77 silly mapToRegistry   raw: 'chalk',
77 silly mapToRegistry   scope: null,
77 silly mapToRegistry   escapedName: 'chalk',
77 silly mapToRegistry   name: 'chalk',
77 silly mapToRegistry   rawSpec: '',
77 silly mapToRegistry   spec: 'latest',
77 silly mapToRegistry   type: 'tag' }
78 silly mapToRegistry uri https://registry.npmjs.org/chalk
79 silly fetchNamedPackageData cross-spawn
80 silly mapToRegistry name cross-spawn
81 silly mapToRegistry using default registry
82 silly mapToRegistry registry https://registry.npmjs.org/
83 silly mapToRegistry data Result {
83 silly mapToRegistry   raw: 'cross-spawn',
83 silly mapToRegistry   scope: null,
83 silly mapToRegistry   escapedName: 'cross-spawn',
83 silly mapToRegistry   name: 'cross-spawn',
83 silly mapToRegistry   rawSpec: '',
83 silly mapToRegistry   spec: 'latest',
83 silly mapToRegistry   type: 'tag' }
84 silly mapToRegistry uri https://registry.npmjs.org/cross-spawn
85 silly fetchNamedPackageData minimist
86 silly mapToRegistry name minimist
87 silly mapToRegistry using default registry
88 silly mapToRegistry registry https://registry.npmjs.org/
89 silly mapToRegistry data Result {
89 silly mapToRegistry   raw: 'minimist',
89 silly mapToRegistry   scope: null,
89 silly mapToRegistry   escapedName: 'minimist',
89 silly mapToRegistry   name: 'minimist',
89 silly mapToRegistry   rawSpec: '',
89 silly mapToRegistry   spec: 'latest',
89 silly mapToRegistry   type: 'tag' }
90 silly mapToRegistry uri https://registry.npmjs.org/minimist
91 silly fetchNamedPackageData path-exists
92 silly mapToRegistry name path-exists
93 silly mapToRegistry using default registry
94 silly mapToRegistry registry https://registry.npmjs.org/
95 silly mapToRegistry data Result {
95 silly mapToRegistry   raw: 'path-exists',
95 silly mapToRegistry   scope: null,
95 silly mapToRegistry   escapedName: 'path-exists',
95 silly mapToRegistry   name: 'path-exists',
95 silly mapToRegistry   rawSpec: '',
95 silly mapToRegistry   spec: 'latest',
95 silly mapToRegistry   type: 'tag' }
96 silly mapToRegistry uri https://registry.npmjs.org/path-exists
97 silly fetchNamedPackageData semver
98 silly mapToRegistry name semver
99 silly mapToRegistry using default registry
100 silly mapToRegistry registry https://registry.npmjs.org/
101 silly mapToRegistry data Result {
101 silly mapToRegistry   raw: 'semver',
101 silly mapToRegistry   scope: null,
101 silly mapToRegistry   escapedName: 'semver',
101 silly mapToRegistry   name: 'semver',
101 silly mapToRegistry   rawSpec: '',
101 silly mapToRegistry   spec: 'latest',
101 silly mapToRegistry   type: 'tag' }
102 silly mapToRegistry uri https://registry.npmjs.org/semver
103 verbose request uri https://registry.npmjs.org/path-exists
104 verbose request no auth needed
105 info attempt registry request try #1 at 1:27:39 PM
106 verbose etag "8YBUV94OER7KNG0EIZ4H2HCC5"
107 http request GET https://registry.npmjs.org/path-exists
108 verbose request uri https://registry.npmjs.org/minimist
109 verbose request no auth needed
110 info attempt registry request try #1 at 1:27:39 PM
111 verbose etag "ERMSCOSKMK7VZLP3X4TIKWDHH"
112 http request GET https://registry.npmjs.org/minimist
113 http 304 https://registry.npmjs.org/path-exists
114 verbose headers { date: 'Mon, 07 Nov 2016 21:27:39 GMT',
114 verbose headers   via: '1.1 varnish',
114 verbose headers   'cache-control': 'max-age=300',
114 verbose headers   etag: '"8YBUV94OER7KNG0EIZ4H2HCC5"',
114 verbose headers   age: '39',
114 verbose headers   connection: 'keep-alive',
114 verbose headers   'x-served-by': 'cache-sea1922-SEA',
114 verbose headers   'x-cache': 'HIT',
114 verbose headers   'x-cache-hits': '4',
114 verbose headers   'x-timer': 'S1478554059.536277,VS0,VE0',
114 verbose headers   vary: 'Accept-Encoding' }
115 silly get cb [ 304,
115 silly get   { date: 'Mon, 07 Nov 2016 21:27:39 GMT',
115 silly get     via: '1.1 varnish',
115 silly get     'cache-control': 'max-age=300',
115 silly get     etag: '"8YBUV94OER7KNG0EIZ4H2HCC5"',
115 silly get     age: '39',
115 silly get     connection: 'keep-alive',
115 silly get     'x-served-by': 'cache-sea1922-SEA',
115 silly get     'x-cache': 'HIT',
115 silly get     'x-cache-hits': '4',
115 silly get     'x-timer': 'S1478554059.536277,VS0,VE0',
115 silly get     vary: 'Accept-Encoding' } ]
116 verbose etag https://registry.npmjs.org/path-exists from cache
117 verbose get saving path-exists to /Users/mikefree/.npm/registry.npmjs.org/path-exists/.cache.json
118 verbose correctMkdir /Users/mikefree/.npm correctMkdir not in flight; initializing
119 verbose request uri https://registry.npmjs.org/chalk
120 verbose request no auth needed
121 info attempt registry request try #1 at 1:27:39 PM
122 verbose etag "7BXCQUE1BZPPLCK8SY1D7NMGN"
123 http request GET https://registry.npmjs.org/chalk
124 verbose request uri https://registry.npmjs.org/cross-spawn
125 verbose request no auth needed
126 info attempt registry request try #1 at 1:27:39 PM
127 verbose etag "DFJ4H7OOP1IYGZNC56PHWTLLH"
128 http request GET https://registry.npmjs.org/cross-spawn
129 http 200 https://registry.npmjs.org/chalk
130 verbose headers { server: 'CouchDB/1.5.0 (Erlang OTP/R16B03)',
130 verbose headers   etag: '"YL2ZVYOARBJ7QBU3EHRG8ZZM"',
130 verbose headers   'content-type': 'application/json',
130 verbose headers   'content-encoding': 'gzip',
130 verbose headers   'cache-control': 'max-age=300',
130 verbose headers   'content-length': '9344',
130 verbose headers   'accept-ranges': 'bytes',
130 verbose headers   date: 'Mon, 07 Nov 2016 21:27:39 GMT',
130 verbose headers   via: '1.1 varnish',
130 verbose headers   age: '228',
130 verbose headers   connection: 'keep-alive',
130 verbose headers   'x-served-by': 'cache-sea1922-SEA',
130 verbose headers   'x-cache': 'HIT',
130 verbose headers   'x-cache-hits': '77',
130 verbose headers   'x-timer': 'S1478554059.545751,VS0,VE0',
130 verbose headers   vary: 'Accept-Encoding' }
131 silly get cb [ 200,
131 silly get   { server: 'CouchDB/1.5.0 (Erlang OTP/R16B03)',
131 silly get     etag: '"YL2ZVYOARBJ7QBU3EHRG8ZZM"',
131 silly get     'content-type': 'application/json',
131 silly get     'content-encoding': 'gzip',
131 silly get     'cache-control': 'max-age=300',
131 silly get     'content-length': '9344',
131 silly get     'accept-ranges': 'bytes',
131 silly get     date: 'Mon, 07 Nov 2016 21:27:39 GMT',
131 silly get     via: '1.1 varnish',
131 silly get     age: '228',
131 silly get     connection: 'keep-alive',
131 silly get     'x-served-by': 'cache-sea1922-SEA',
131 silly get     'x-cache': 'HIT',
131 silly get     'x-cache-hits': '77',
131 silly get     'x-timer': 'S1478554059.545751,VS0,VE0',
131 silly get     vary: 'Accept-Encoding' } ]
132 verbose get saving chalk to /Users/mikefree/.npm/registry.npmjs.org/chalk/.cache.json
133 verbose correctMkdir /Users/mikefree/.npm correctMkdir not in flight; initializing
134 silly resolveWithNewModule path-exists@2.1.0 checking installable status
135 silly cache add args [ 'path-exists@^2.1.0', null ]
136 verbose cache add spec path-exists@^2.1.0
137 silly cache add parsed spec Result {
137 silly cache add   raw: 'path-exists@^2.1.0',
137 silly cache add   scope: null,
137 silly cache add   escapedName: 'path-exists',
137 silly cache add   name: 'path-exists',
137 silly cache add   rawSpec: '^2.1.0',
137 silly cache add   spec: '>=2.1.0 <3.0.0',
137 silly cache add   type: 'range' }
138 silly addNamed path-exists@>=2.1.0 <3.0.0
139 verbose addNamed ">=2.1.0 <3.0.0" is a valid semver range for path-exists
140 silly addNameRange { name: 'path-exists', range: '>=2.1.0 <3.0.0', hasData: false }
141 silly mapToRegistry name path-exists
142 silly mapToRegistry using default registry
143 silly mapToRegistry registry https://registry.npmjs.org/
144 silly mapToRegistry data Result {
144 silly mapToRegistry   raw: 'path-exists',
144 silly mapToRegistry   scope: null,
144 silly mapToRegistry   escapedName: 'path-exists',
144 silly mapToRegistry   name: 'path-exists',
144 silly mapToRegistry   rawSpec: '',
144 silly mapToRegistry   spec: 'latest',
144 silly mapToRegistry   type: 'tag' }
145 silly mapToRegistry uri https://registry.npmjs.org/path-exists
146 verbose addNameRange registry:https://registry.npmjs.org/path-exists not in flight; fetching
147 verbose request uri https://registry.npmjs.org/semver
148 verbose request no auth needed
149 info attempt registry request try #1 at 1:27:39 PM
150 verbose etag "4FOCBW9AO6QXP00NXYDE4LR4Z"
151 http request GET https://registry.npmjs.org/semver
152 http 200 https://registry.npmjs.org/minimist
153 verbose headers { server: 'CouchDB/1.6.1 (Erlang OTP/R16B03)',
153 verbose headers   etag: '"4HJD9NPQNFJECK68OOYAC8LK"',
153 verbose headers   'content-type': 'application/json',
153 verbose headers   'content-encoding': 'gzip',
153 verbose headers   'cache-control': 'max-age=300',
153 verbose headers   'content-length': '5859',
153 verbose headers   'accept-ranges': 'bytes',
153 verbose headers   date: 'Mon, 07 Nov 2016 21:27:39 GMT',
153 verbose headers   via: '1.1 varnish',
153 verbose headers   age: '26',
153 verbose headers   connection: 'keep-alive',
153 verbose headers   'x-served-by': 'cache-sea1923-SEA',
153 verbose headers   'x-cache': 'HIT',
153 verbose headers   'x-cache-hits': '134',
153 verbose headers   'x-timer': 'S1478554059.552802,VS0,VE0',
153 verbose headers   vary: 'Accept-Encoding' }
154 silly get cb [ 200,
154 silly get   { server: 'CouchDB/1.6.1 (Erlang OTP/R16B03)',
154 silly get     etag: '"4HJD9NPQNFJECK68OOYAC8LK"',
154 silly get     'content-type': 'application/json',
154 silly get     'content-encoding': 'gzip',
154 silly get     'cache-control': 'max-age=300',
154 silly get     'content-length': '5859',
154 silly get     'accept-ranges': 'bytes',
154 silly get     date: 'Mon, 07 Nov 2016 21:27:39 GMT',
154 silly get     via: '1.1 varnish',
154 silly get     age: '26',
154 silly get     connection: 'keep-alive',
154 silly get     'x-served-by': 'cache-sea1923-SEA',
154 silly get     'x-cache': 'HIT',
154 silly get     'x-cache-hits': '134',
154 silly get     'x-timer': 'S1478554059.552802,VS0,VE0',
154 silly get     vary: 'Accept-Encoding' } ]
155 verbose get saving minimist to /Users/mikefree/.npm/registry.npmjs.org/minimist/.cache.json
156 verbose correctMkdir /Users/mikefree/.npm correctMkdir not in flight; initializing
157 silly resolveWithNewModule chalk@1.1.3 checking installable status
158 silly cache add args [ 'chalk@^1.1.1', null ]
159 verbose cache add spec chalk@^1.1.1
160 silly cache add parsed spec Result {
160 silly cache add   raw: 'chalk@^1.1.1',
160 silly cache add   scope: null,
160 silly cache add   escapedName: 'chalk',
160 silly cache add   name: 'chalk',
160 silly cache add   rawSpec: '^1.1.1',
160 silly cache add   spec: '>=1.1.1 <2.0.0',
160 silly cache add   type: 'range' }
161 silly addNamed chalk@>=1.1.1 <2.0.0
162 verbose addNamed ">=1.1.1 <2.0.0" is a valid semver range for chalk
163 silly addNameRange { name: 'chalk', range: '>=1.1.1 <2.0.0', hasData: false }
164 silly mapToRegistry name chalk
165 silly mapToRegistry using default registry
166 silly mapToRegistry registry https://registry.npmjs.org/
167 silly mapToRegistry data Result {
167 silly mapToRegistry   raw: 'chalk',
167 silly mapToRegistry   scope: null,
167 silly mapToRegistry   escapedName: 'chalk',
167 silly mapToRegistry   name: 'chalk',
167 silly mapToRegistry   rawSpec: '',
167 silly mapToRegistry   spec: 'latest',
167 silly mapToRegistry   type: 'tag' }
168 silly mapToRegistry uri https://registry.npmjs.org/chalk
169 verbose addNameRange registry:https://registry.npmjs.org/chalk not in flight; fetching
170 verbose get https://registry.npmjs.org/path-exists not expired, no request
171 silly addNameRange number 2 { name: 'path-exists', range: '>=2.1.0 <3.0.0', hasData: true }
172 silly addNameRange versions [ 'path-exists', [ '1.0.0', '2.0.0', '2.1.0', '3.0.0' ] ]
173 silly addNamed path-exists@2.1.0
174 verbose addNamed "2.1.0" is a plain semver version for path-exists
175 http 200 https://registry.npmjs.org/cross-spawn
176 verbose headers { server: 'CouchDB/1.6.1 (Erlang OTP/R16B03)',
176 verbose headers   etag: '"ARWVPXML8QX4EK5BW2TXXPA26"',
176 verbose headers   'content-type': 'application/json',
176 verbose headers   'content-encoding': 'gzip',
176 verbose headers   'cache-control': 'max-age=300',
176 verbose headers   'content-length': '8254',
176 verbose headers   'accept-ranges': 'bytes',
176 verbose headers   date: 'Mon, 07 Nov 2016 21:27:39 GMT',
176 verbose headers   via: '1.1 varnish',
176 verbose headers   age: '80',
176 verbose headers   connection: 'keep-alive',
176 verbose headers   'x-served-by': 'cache-sea1923-SEA',
176 verbose headers   'x-cache': 'HIT',
176 verbose headers   'x-cache-hits': '6',
176 verbose headers   'x-timer': 'S1478554059.573362,VS0,VE0',
176 verbose headers   vary: 'Accept-Encoding' }
177 silly get cb [ 200,
177 silly get   { server: 'CouchDB/1.6.1 (Erlang OTP/R16B03)',
177 silly get     etag: '"ARWVPXML8QX4EK5BW2TXXPA26"',
177 silly get     'content-type': 'application/json',
177 silly get     'content-encoding': 'gzip',
177 silly get     'cache-control': 'max-age=300',
177 silly get     'content-length': '8254',
177 silly get     'accept-ranges': 'bytes',
177 silly get     date: 'Mon, 07 Nov 2016 21:27:39 GMT',
177 silly get     via: '1.1 varnish',
177 silly get     age: '80',
177 silly get     connection: 'keep-alive',
177 silly get     'x-served-by': 'cache-sea1923-SEA',
177 silly get     'x-cache': 'HIT',
177 silly get     'x-cache-hits': '6',
177 silly get     'x-timer': 'S1478554059.573362,VS0,VE0',
177 silly get     vary: 'Accept-Encoding' } ]
178 verbose get saving cross-spawn to /Users/mikefree/.npm/registry.npmjs.org/cross-spawn/.cache.json
179 verbose correctMkdir /Users/mikefree/.npm correctMkdir not in flight; initializing
180 silly resolveWithNewModule minimist@1.2.0 checking installable status
181 silly cache add args [ 'minimist@^1.2.0', null ]
182 verbose cache add spec minimist@^1.2.0
183 silly cache add parsed spec Result {
183 silly cache add   raw: 'minimist@^1.2.0',
183 silly cache add   scope: null,
183 silly cache add   escapedName: 'minimist',
183 silly cache add   name: 'minimist',
183 silly cache add   rawSpec: '^1.2.0',
183 silly cache add   spec: '>=1.2.0 <2.0.0',
183 silly cache add   type: 'range' }
184 silly addNamed minimist@>=1.2.0 <2.0.0
185 verbose addNamed ">=1.2.0 <2.0.0" is a valid semver range for minimist
186 silly addNameRange { name: 'minimist', range: '>=1.2.0 <2.0.0', hasData: false }
187 silly mapToRegistry name minimist
188 silly mapToRegistry using default registry
189 silly mapToRegistry registry https://registry.npmjs.org/
190 silly mapToRegistry data Result {
190 silly mapToRegistry   raw: 'minimist',
190 silly mapToRegistry   scope: null,
190 silly mapToRegistry   escapedName: 'minimist',
190 silly mapToRegistry   name: 'minimist',
190 silly mapToRegistry   rawSpec: '',
190 silly mapToRegistry   spec: 'latest',
190 silly mapToRegistry   type: 'tag' }
191 silly mapToRegistry uri https://registry.npmjs.org/minimist
192 verbose addNameRange registry:https://registry.npmjs.org/minimist not in flight; fetching
193 http 200 https://registry.npmjs.org/semver
194 verbose headers { server: 'CouchDB/1.6.1 (Erlang OTP/R16B03)',
194 verbose headers   etag: '"9EJY4LGTKOPUAAVLV2EPIIFIH"',
194 verbose headers   'content-type': 'application/json',
194 verbose headers   'content-encoding': 'gzip',
194 verbose headers   'cache-control': 'max-age=300',
194 verbose headers   'content-length': '13808',
194 verbose headers   'accept-ranges': 'bytes',
194 verbose headers   date: 'Mon, 07 Nov 2016 21:27:39 GMT',
194 verbose headers   via: '1.1 varnish',
194 verbose headers   age: '228',
194 verbose headers   connection: 'keep-alive',
194 verbose headers   'x-served-by': 'cache-sea1922-SEA',
194 verbose headers   'x-cache': 'HIT',
194 verbose headers   'x-cache-hits': '149',
194 verbose headers   'x-timer': 'S1478554059.571495,VS0,VE0',
194 verbose headers   vary: 'Accept-Encoding' }
195 silly get cb [ 200,
195 silly get   { server: 'CouchDB/1.6.1 (Erlang OTP/R16B03)',
195 silly get     etag: '"9EJY4LGTKOPUAAVLV2EPIIFIH"',
195 silly get     'content-type': 'application/json',
195 silly get     'content-encoding': 'gzip',
195 silly get     'cache-control': 'max-age=300',
195 silly get     'content-length': '13808',
195 silly get     'accept-ranges': 'bytes',
195 silly get     date: 'Mon, 07 Nov 2016 21:27:39 GMT',
195 silly get     via: '1.1 varnish',
195 silly get     age: '228',
195 silly get     connection: 'keep-alive',
195 silly get     'x-served-by': 'cache-sea1922-SEA',
195 silly get     'x-cache': 'HIT',
195 silly get     'x-cache-hits': '149',
195 silly get     'x-timer': 'S1478554059.571495,VS0,VE0',
195 silly get     vary: 'Accept-Encoding' } ]
196 verbose get saving semver to /Users/mikefree/.npm/registry.npmjs.org/semver/.cache.json
197 verbose correctMkdir /Users/mikefree/.npm correctMkdir not in flight; initializing
198 silly cache afterAdd path-exists@2.1.0
199 verbose afterAdd /Users/mikefree/.npm/path-exists/2.1.0/package/package.json not in flight; writing
200 verbose correctMkdir /Users/mikefree/.npm correctMkdir not in flight; initializing
201 verbose get https://registry.npmjs.org/chalk not expired, no request
202 silly addNameRange number 2 { name: 'chalk', range: '>=1.1.1 <2.0.0', hasData: true }
203 silly addNameRange versions [ 'chalk',
203 silly addNameRange   [ '0.1.0',
203 silly addNameRange     '0.1.1',
203 silly addNameRange     '0.2.0',
203 silly addNameRange     '0.2.1',
203 silly addNameRange     '0.3.0',
203 silly addNameRange     '0.4.0',
203 silly addNameRange     '0.5.0',
203 silly addNameRange     '0.5.1',
203 silly addNameRange     '1.0.0',
203 silly addNameRange     '1.1.0',
203 silly addNameRange     '1.1.1',
203 silly addNameRange     '1.1.2',
203 silly addNameRange     '1.1.3' ] ]
204 silly addNamed chalk@1.1.3
205 verbose addNamed "1.1.3" is a plain semver version for chalk
206 silly resolveWithNewModule cross-spawn@4.0.2 checking installable status
207 silly cache add args [ 'cross-spawn@^4.0.0', null ]
208 verbose cache add spec cross-spawn@^4.0.0
209 silly cache add parsed spec Result {
209 silly cache add   raw: 'cross-spawn@^4.0.0',
209 silly cache add   scope: null,
209 silly cache add   escapedName: 'cross-spawn',
209 silly cache add   name: 'cross-spawn',
209 silly cache add   rawSpec: '^4.0.0',
209 silly cache add   spec: '>=4.0.0 <5.0.0',
209 silly cache add   type: 'range' }
210 silly addNamed cross-spawn@>=4.0.0 <5.0.0
211 verbose addNamed ">=4.0.0 <5.0.0" is a valid semver range for cross-spawn
212 silly addNameRange { name: 'cross-spawn', range: '>=4.0.0 <5.0.0', hasData: false }
213 silly mapToRegistry name cross-spawn
214 silly mapToRegistry using default registry
215 silly mapToRegistry registry https://registry.npmjs.org/
216 silly mapToRegistry data Result {
216 silly mapToRegistry   raw: 'cross-spawn',
216 silly mapToRegistry   scope: null,
216 silly mapToRegistry   escapedName: 'cross-spawn',
216 silly mapToRegistry   name: 'cross-spawn',
216 silly mapToRegistry   rawSpec: '',
216 silly mapToRegistry   spec: 'latest',
216 silly mapToRegistry   type: 'tag' }
217 silly mapToRegistry uri https://registry.npmjs.org/cross-spawn
218 verbose addNameRange registry:https://registry.npmjs.org/cross-spawn not in flight; fetching
219 verbose get https://registry.npmjs.org/minimist not expired, no request
220 silly addNameRange number 2 { name: 'minimist', range: '>=1.2.0 <2.0.0', hasData: true }
221 silly addNameRange versions [ 'minimist',
221 silly addNameRange   [ '0.0.0',
221 silly addNameRange     '0.0.1',
221 silly addNameRange     '0.0.2',
221 silly addNameRange     '0.0.3',
221 silly addNameRange     '0.0.4',
221 silly addNameRange     '0.0.5',
221 silly addNameRange     '0.0.6',
221 silly addNameRange     '0.0.7',
221 silly addNameRange     '0.0.8',
221 silly addNameRange     '0.0.9',
221 silly addNameRange     '0.0.10',
221 silly addNameRange     '0.1.0',
221 silly addNameRange     '0.2.0',
221 silly addNameRange     '1.0.0',
221 silly addNameRange     '1.1.0',
221 silly addNameRange     '1.1.1',
221 silly addNameRange     '1.1.2',
221 silly addNameRange     '1.1.3',
221 silly addNameRange     '1.2.0' ] ]
222 silly addNamed minimist@1.2.0
223 verbose addNamed "1.2.0" is a plain semver version for minimist
224 verbose afterAdd /Users/mikefree/.npm/path-exists/2.1.0/package/package.json written
225 silly resolveWithNewModule semver@5.3.0 checking installable status
226 silly cache add args [ 'semver@^5.0.3', null ]
227 verbose cache add spec semver@^5.0.3
228 silly cache add parsed spec Result {
228 silly cache add   raw: 'semver@^5.0.3',
228 silly cache add   scope: null,
228 silly cache add   escapedName: 'semver',
228 silly cache add   name: 'semver',
228 silly cache add   rawSpec: '^5.0.3',
228 silly cache add   spec: '>=5.0.3 <6.0.0',
228 silly cache add   type: 'range' }
229 silly addNamed semver@>=5.0.3 <6.0.0
230 verbose addNamed ">=5.0.3 <6.0.0" is a valid semver range for semver
231 silly addNameRange { name: 'semver', range: '>=5.0.3 <6.0.0', hasData: false }
232 silly mapToRegistry name semver
233 silly mapToRegistry using default registry
234 silly mapToRegistry registry https://registry.npmjs.org/
235 silly mapToRegistry data Result {
235 silly mapToRegistry   raw: 'semver',
235 silly mapToRegistry   scope: null,
235 silly mapToRegistry   escapedName: 'semver',
235 silly mapToRegistry   name: 'semver',
235 silly mapToRegistry   rawSpec: '',
235 silly mapToRegistry   spec: 'latest',
235 silly mapToRegistry   type: 'tag' }
236 silly mapToRegistry uri https://registry.npmjs.org/semver
237 verbose addNameRange registry:https://registry.npmjs.org/semver not in flight; fetching
238 silly cache afterAdd chalk@1.1.3
239 verbose afterAdd /Users/mikefree/.npm/chalk/1.1.3/package/package.json not in flight; writing
240 verbose correctMkdir /Users/mikefree/.npm correctMkdir not in flight; initializing
241 silly cache afterAdd minimist@1.2.0
242 verbose afterAdd /Users/mikefree/.npm/minimist/1.2.0/package/package.json not in flight; writing
243 verbose correctMkdir /Users/mikefree/.npm correctMkdir not in flight; initializing
244 verbose afterAdd /Users/mikefree/.npm/chalk/1.1.3/package/package.json written
245 verbose afterAdd /Users/mikefree/.npm/minimist/1.2.0/package/package.json written
246 verbose get https://registry.npmjs.org/cross-spawn not expired, no request
247 silly addNameRange number 2 { name: 'cross-spawn', range: '>=4.0.0 <5.0.0', hasData: true }
248 silly addNameRange versions [ 'cross-spawn',
248 silly addNameRange   [ '0.1.0',
248 silly addNameRange     '0.1.1',
248 silly addNameRange     '0.1.2',
248 silly addNameRange     '0.1.3',
248 silly addNameRange     '0.1.4',
248 silly addNameRange     '0.1.5',
248 silly addNameRange     '0.1.6',
248 silly addNameRange     '0.1.7',
248 silly addNameRange     '0.2.0',
248 silly addNameRange     '0.2.1',
248 silly addNameRange     '0.2.2',
248 silly addNameRange     '0.2.3',
248 silly addNameRange     '0.2.4',
248 silly addNameRange     '0.2.5',
248 silly addNameRange     '0.2.6',
248 silly addNameRange     '0.2.7',
248 silly addNameRange     '0.2.8',
248 silly addNameRange     '0.2.9',
248 silly addNameRange     '0.3.0',
248 silly addNameRange     '0.4.0',
248 silly addNameRange     '0.4.1',
248 silly addNameRange     '1.0.0',
248 silly addNameRange     '1.0.1',
248 silly addNameRange     '1.0.2',
248 silly addNameRange     '1.0.3',
248 silly addNameRange     '1.0.4',
248 silly addNameRange     '2.0.0',
248 silly addNameRange     '2.0.1',
248 silly addNameRange     '2.1.0',
248 silly addNameRange     '2.1.1',
248 silly addNameRange     '2.1.2',
248 silly addNameRange     '2.1.3',
248 silly addNameRange     '2.1.4',
248 silly addNameRange     '2.1.5',
248 silly addNameRange     '2.2.0',
248 silly addNameRange     '2.2.2',
248 silly addNameRange     '2.2.3',
248 silly addNameRange     '3.0.0',
248 silly addNameRange     '3.0.1',
248 silly addNameRange     '4.0.0',
248 silly addNameRange     '4.0.2',
248 silly addNameRange     '5.0.0',
248 silly addNameRange     '5.0.1' ] ]
249 silly addNamed cross-spawn@4.0.2
250 verbose addNamed "4.0.2" is a plain semver version for cross-spawn
251 verbose get https://registry.npmjs.org/semver not expired, no request
252 silly addNameRange number 2 { name: 'semver', range: '>=5.0.3 <6.0.0', hasData: true }
253 silly addNameRange versions [ 'semver',
253 silly addNameRange   [ '1.0.0',
253 silly addNameRange     '1.0.1',
253 silly addNameRange     '1.0.2',
253 silly addNameRange     '1.0.3',
253 silly addNameRange     '1.0.4',
253 silly addNameRange     '1.0.5',
253 silly addNameRange     '1.0.6',
253 silly addNameRange     '1.0.7',
253 silly addNameRange     '1.0.8',
253 silly addNameRange     '1.0.9',
253 silly addNameRange     '1.0.10',
253 silly addNameRange     '1.0.11',
253 silly addNameRange     '1.0.12',
253 silly addNameRange     '1.0.13',
253 silly addNameRange     '1.0.14',
253 silly addNameRange     '1.1.0',
253 silly addNameRange     '1.1.1',
253 silly addNameRange     '1.1.2',
253 silly addNameRange     '1.1.3',
253 silly addNameRange     '1.1.4',
253 silly addNameRange     '2.0.0-alpha',
253 silly addNameRange     '2.0.0-beta',
253 silly addNameRange     '2.0.1',
253 silly addNameRange     '2.0.2',
253 silly addNameRange     '2.0.3',
253 silly addNameRange     '2.0.4',
253 silly addNameRange     '2.0.5',
253 silly addNameRange     '2.0.6',
253 silly addNameRange     '2.0.7',
253 silly addNameRange     '2.0.8',
253 silly addNameRange     '2.0.9',
253 silly addNameRange     '2.0.10',
253 silly addNameRange     '2.0.11',
253 silly addNameRange     '2.1.0',
253 silly addNameRange     '2.2.0',
253 silly addNameRange     '2.2.1',
253 silly addNameRange     '2.3.0',
253 silly addNameRange     '2.3.1',
253 silly addNameRange     '2.3.2',
253 silly addNameRange     '3.0.0',
253 silly addNameRange     '3.0.1',
253 silly addNameRange     '4.0.0',
253 silly addNameRange     '4.0.2',
253 silly addNameRange     '4.0.3',
253 silly addNameRange     '4.1.0',
253 silly addNameRange     '4.1.1',
253 silly addNameRange     '4.2.0',
253 silly addNameRange     '4.2.1',
253 silly addNameRange     '4.2.2',
253 silly addNameRange     '4.3.0',
253 silly addNameRange     '4.3.1',
253 silly addNameRange     '4.3.2',
253 silly addNameRange     '4.3.3',
253 silly addNameRange     '4.3.4',
253 silly addNameRange     '4.3.5',
253 silly addNameRange     '4.3.6',
253 silly addNameRange     '5.0.0',
253 silly addNameRange     '5.0.1',
253 silly addNameRange     '5.0.2',
253 silly addNameRange     '5.0.3',
253 silly addNameRange     '5.1.0',
253 silly addNameRange     '5.1.1',
253 silly addNameRange     '5.2.0',
253 silly addNameRange     '5.3.0' ] ]
254 silly addNamed semver@5.3.0
255 verbose addNamed "5.3.0" is a plain semver version for semver
256 silly cache afterAdd cross-spawn@4.0.2
257 verbose afterAdd /Users/mikefree/.npm/cross-spawn/4.0.2/package/package.json not in flight; writing
258 verbose correctMkdir /Users/mikefree/.npm correctMkdir not in flight; initializing
259 silly cache afterAdd semver@5.3.0
260 verbose afterAdd /Users/mikefree/.npm/semver/5.3.0/package/package.json not in flight; writing
261 verbose correctMkdir /Users/mikefree/.npm correctMkdir not in flight; initializing
262 verbose afterAdd /Users/mikefree/.npm/cross-spawn/4.0.2/package/package.json written
263 verbose afterAdd /Users/mikefree/.npm/semver/5.3.0/package/package.json written
264 silly fetchNamedPackageData ansi-styles
265 silly mapToRegistry name ansi-styles
266 silly mapToRegistry using default registry
267 silly mapToRegistry registry https://registry.npmjs.org/
268 silly mapToRegistry data Result {
268 silly mapToRegistry   raw: 'ansi-styles',
268 silly mapToRegistry   scope: null,
268 silly mapToRegistry   escapedName: 'ansi-styles',
268 silly mapToRegistry   name: 'ansi-styles',
268 silly mapToRegistry   rawSpec: '',
268 silly mapToRegistry   spec: 'latest',
268 silly mapToRegistry   type: 'tag' }
269 silly mapToRegistry uri https://registry.npmjs.org/ansi-styles
270 silly fetchNamedPackageData escape-string-regexp
271 silly mapToRegistry name escape-string-regexp
272 silly mapToRegistry using default registry
273 silly mapToRegistry registry https://registry.npmjs.org/
274 silly mapToRegistry data Result {
274 silly mapToRegistry   raw: 'escape-string-regexp',
274 silly mapToRegistry   scope: null,
274 silly mapToRegistry   escapedName: 'escape-string-regexp',
274 silly mapToRegistry   name: 'escape-string-regexp',
274 silly mapToRegistry   rawSpec: '',
274 silly mapToRegistry   spec: 'latest',
274 silly mapToRegistry   type: 'tag' }
275 silly mapToRegistry uri https://registry.npmjs.org/escape-string-regexp
276 silly fetchNamedPackageData has-ansi
277 silly mapToRegistry name has-ansi
278 silly mapToRegistry using default registry
279 silly mapToRegistry registry https://registry.npmjs.org/
280 silly mapToRegistry data Result {
280 silly mapToRegistry   raw: 'has-ansi',
280 silly mapToRegistry   scope: null,
280 silly mapToRegistry   escapedName: 'has-ansi',
280 silly mapToRegistry   name: 'has-ansi',
280 silly mapToRegistry   rawSpec: '',
280 silly mapToRegistry   spec: 'latest',
280 silly mapToRegistry   type: 'tag' }
281 silly mapToRegistry uri https://registry.npmjs.org/has-ansi
282 silly fetchNamedPackageData strip-ansi
283 silly mapToRegistry name strip-ansi
284 silly mapToRegistry using default registry
285 silly mapToRegistry registry https://registry.npmjs.org/
286 silly mapToRegistry data Result {
286 silly mapToRegistry   raw: 'strip-ansi',
286 silly mapToRegistry   scope: null,
286 silly mapToRegistry   escapedName: 'strip-ansi',
286 silly mapToRegistry   name: 'strip-ansi',
286 silly mapToRegistry   rawSpec: '',
286 silly mapToRegistry   spec: 'latest',
286 silly mapToRegistry   type: 'tag' }
287 silly mapToRegistry uri https://registry.npmjs.org/strip-ansi
288 silly fetchNamedPackageData supports-color
289 silly mapToRegistry name supports-color
290 silly mapToRegistry using default registry
291 silly mapToRegistry registry https://registry.npmjs.org/
292 silly mapToRegistry data Result {
292 silly mapToRegistry   raw: 'supports-color',
292 silly mapToRegistry   scope: null,
292 silly mapToRegistry   escapedName: 'supports-color',
292 silly mapToRegistry   name: 'supports-color',
292 silly mapToRegistry   rawSpec: '',
292 silly mapToRegistry   spec: 'latest',
292 silly mapToRegistry   type: 'tag' }
293 silly mapToRegistry uri https://registry.npmjs.org/supports-color
294 verbose request uri https://registry.npmjs.org/escape-string-regexp
295 verbose request no auth needed
296 info attempt registry request try #1 at 1:27:39 PM
297 verbose etag "7FR9NRVLQZ19IM9FJ89UGKL4F"
298 http request GET https://registry.npmjs.org/escape-string-regexp
299 verbose request uri https://registry.npmjs.org/strip-ansi
300 verbose request no auth needed
301 info attempt registry request try #1 at 1:27:39 PM
302 verbose etag "D2RTBFGD653HY2RKXRPKXLTE8"
303 http request GET https://registry.npmjs.org/strip-ansi
304 verbose request uri https://registry.npmjs.org/ansi-styles
305 verbose request no auth needed
306 info attempt registry request try #1 at 1:27:39 PM
307 verbose etag "76ES1TUYWN7AJHH27ODL8P5VN"
308 http request GET https://registry.npmjs.org/ansi-styles
309 http 304 https://registry.npmjs.org/strip-ansi
310 verbose headers { date: 'Mon, 07 Nov 2016 21:27:39 GMT',
310 verbose headers   via: '1.1 varnish',
310 verbose headers   'cache-control': 'max-age=300',
310 verbose headers   etag: '"D2RTBFGD653HY2RKXRPKXLTE8"',
310 verbose headers   age: '182',
310 verbose headers   connection: 'keep-alive',
310 verbose headers   'x-served-by': 'cache-sea1923-SEA',
310 verbose headers   'x-cache': 'HIT',
310 verbose headers   'x-cache-hits': '53',
310 verbose headers   'x-timer': 'S1478554059.737456,VS0,VE0',
310 verbose headers   vary: 'Accept-Encoding' }
311 silly get cb [ 304,
311 silly get   { date: 'Mon, 07 Nov 2016 21:27:39 GMT',
311 silly get     via: '1.1 varnish',
311 silly get     'cache-control': 'max-age=300',
311 silly get     etag: '"D2RTBFGD653HY2RKXRPKXLTE8"',
311 silly get     age: '182',
311 silly get     connection: 'keep-alive',
311 silly get     'x-served-by': 'cache-sea1923-SEA',
311 silly get     'x-cache': 'HIT',
311 silly get     'x-cache-hits': '53',
311 silly get     'x-timer': 'S1478554059.737456,VS0,VE0',
311 silly get     vary: 'Accept-Encoding' } ]
312 verbose etag https://registry.npmjs.org/strip-ansi from cache
313 verbose get saving strip-ansi to /Users/mikefree/.npm/registry.npmjs.org/strip-ansi/.cache.json
314 verbose correctMkdir /Users/mikefree/.npm correctMkdir not in flight; initializing
315 verbose request uri https://registry.npmjs.org/has-ansi
316 verbose request no auth needed
317 info attempt registry request try #1 at 1:27:39 PM
318 verbose etag "DGXNIUSOJ6YN8ST2FGYU5Y99E"
319 http request GET https://registry.npmjs.org/has-ansi
320 http 304 https://registry.npmjs.org/escape-string-regexp
321 verbose headers { date: 'Mon, 07 Nov 2016 21:27:39 GMT',
321 verbose headers   via: '1.1 varnish',
321 verbose headers   'cache-control': 'max-age=300',
321 verbose headers   etag: '"7FR9NRVLQZ19IM9FJ89UGKL4F"',
321 verbose headers   age: '85',
321 verbose headers   connection: 'keep-alive',
321 verbose headers   'x-served-by': 'cache-sea1923-SEA',
321 verbose headers   'x-cache': 'HIT',
321 verbose headers   'x-cache-hits': '33',
321 verbose headers   'x-timer': 'S1478554059.737396,VS0,VE0',
321 verbose headers   vary: 'Accept-Encoding' }
322 silly get cb [ 304,
322 silly get   { date: 'Mon, 07 Nov 2016 21:27:39 GMT',
322 silly get     via: '1.1 varnish',
322 silly get     'cache-control': 'max-age=300',
322 silly get     etag: '"7FR9NRVLQZ19IM9FJ89UGKL4F"',
322 silly get     age: '85',
322 silly get     connection: 'keep-alive',
322 silly get     'x-served-by': 'cache-sea1923-SEA',
322 silly get     'x-cache': 'HIT',
322 silly get     'x-cache-hits': '33',
322 silly get     'x-timer': 'S1478554059.737396,VS0,VE0',
322 silly get     vary: 'Accept-Encoding' } ]
323 verbose etag https://registry.npmjs.org/escape-string-regexp from cache
324 verbose get saving escape-string-regexp to /Users/mikefree/.npm/registry.npmjs.org/escape-string-regexp/.cache.json
325 verbose correctMkdir /Users/mikefree/.npm correctMkdir not in flight; initializing
326 http 304 https://registry.npmjs.org/has-ansi
327 verbose headers { date: 'Mon, 07 Nov 2016 21:27:39 GMT',
327 verbose headers   via: '1.1 varnish',
327 verbose headers   'cache-control': 'max-age=300',
327 verbose headers   etag: '"DGXNIUSOJ6YN8ST2FGYU5Y99E"',
327 verbose headers   age: '182',
327 verbose headers   connection: 'keep-alive',
327 verbose headers   'x-served-by': 'cache-sea1923-SEA',
327 verbose headers   'x-cache': 'HIT',
327 verbose headers   'x-cache-hits': '77',
327 verbose headers   'x-timer': 'S1478554059.741250,VS0,VE0',
327 verbose headers   vary: 'Accept-Encoding' }
328 silly get cb [ 304,
328 silly get   { date: 'Mon, 07 Nov 2016 21:27:39 GMT',
328 silly get     via: '1.1 varnish',
328 silly get     'cache-control': 'max-age=300',
328 silly get     etag: '"DGXNIUSOJ6YN8ST2FGYU5Y99E"',
328 silly get     age: '182',
328 silly get     connection: 'keep-alive',
328 silly get     'x-served-by': 'cache-sea1923-SEA',
328 silly get     'x-cache': 'HIT',
328 silly get     'x-cache-hits': '77',
328 silly get     'x-timer': 'S1478554059.741250,VS0,VE0',
328 silly get     vary: 'Accept-Encoding' } ]
329 verbose etag https://registry.npmjs.org/has-ansi from cache
330 verbose get saving has-ansi to /Users/mikefree/.npm/registry.npmjs.org/has-ansi/.cache.json
331 verbose correctMkdir /Users/mikefree/.npm correctMkdir not in flight; initializing
332 http 200 https://registry.npmjs.org/ansi-styles
333 verbose headers { server: 'CouchDB/1.5.0 (Erlang OTP/R16B03)',
333 verbose headers   etag: '"94H0KROSM6LLXZPICA81SIC10"',
333 verbose headers   'content-type': 'application/json',
333 verbose headers   'content-encoding': 'gzip',
333 verbose headers   'cache-control': 'max-age=300',
333 verbose headers   'content-length': '2968',
333 verbose headers   'accept-ranges': 'bytes',
333 verbose headers   date: 'Mon, 07 Nov 2016 21:27:39 GMT',
333 verbose headers   via: '1.1 varnish',
333 verbose headers   age: '180',
333 verbose headers   connection: 'keep-alive',
333 verbose headers   'x-served-by': 'cache-sea1922-SEA',
333 verbose headers   'x-cache': 'HIT',
333 verbose headers   'x-cache-hits': '60',
333 verbose headers   'x-timer': 'S1478554059.737813,VS0,VE0',
333 verbose headers   vary: 'Accept-Encoding' }
334 silly get cb [ 200,
334 silly get   { server: 'CouchDB/1.5.0 (Erlang OTP/R16B03)',
334 silly get     etag: '"94H0KROSM6LLXZPICA81SIC10"',
334 silly get     'content-type': 'application/json',
334 silly get     'content-encoding': 'gzip',
334 silly get     'cache-control': 'max-age=300',
334 silly get     'content-length': '2968',
334 silly get     'accept-ranges': 'bytes',
334 silly get     date: 'Mon, 07 Nov 2016 21:27:39 GMT',
334 silly get     via: '1.1 varnish',
334 silly get     age: '180',
334 silly get     connection: 'keep-alive',
334 silly get     'x-served-by': 'cache-sea1922-SEA',
334 silly get     'x-cache': 'HIT',
334 silly get     'x-cache-hits': '60',
334 silly get     'x-timer': 'S1478554059.737813,VS0,VE0',
334 silly get     vary: 'Accept-Encoding' } ]
335 verbose get saving ansi-styles to /Users/mikefree/.npm/registry.npmjs.org/ansi-styles/.cache.json
336 verbose correctMkdir /Users/mikefree/.npm correctMkdir not in flight; initializing
337 verbose request uri https://registry.npmjs.org/supports-color
338 verbose request no auth needed
339 info attempt registry request try #1 at 1:27:39 PM
340 verbose etag "9FXG8QDVB30KFN1OHCR62GCPG"
341 http request GET https://registry.npmjs.org/supports-color
342 silly resolveWithNewModule strip-ansi@3.0.1 checking installable status
343 silly cache add args [ 'strip-ansi@^3.0.0', null ]
344 verbose cache add spec strip-ansi@^3.0.0
345 silly cache add parsed spec Result {
345 silly cache add   raw: 'strip-ansi@^3.0.0',
345 silly cache add   scope: null,
345 silly cache add   escapedName: 'strip-ansi',
345 silly cache add   name: 'strip-ansi',
345 silly cache add   rawSpec: '^3.0.0',
345 silly cache add   spec: '>=3.0.0 <4.0.0',
345 silly cache add   type: 'range' }
346 silly addNamed strip-ansi@>=3.0.0 <4.0.0
347 verbose addNamed ">=3.0.0 <4.0.0" is a valid semver range for strip-ansi
348 silly addNameRange { name: 'strip-ansi', range: '>=3.0.0 <4.0.0', hasData: false }
349 silly mapToRegistry name strip-ansi
350 silly mapToRegistry using default registry
351 silly mapToRegistry registry https://registry.npmjs.org/
352 silly mapToRegistry data Result {
352 silly mapToRegistry   raw: 'strip-ansi',
352 silly mapToRegistry   scope: null,
352 silly mapToRegistry   escapedName: 'strip-ansi',
352 silly mapToRegistry   name: 'strip-ansi',
352 silly mapToRegistry   rawSpec: '',
352 silly mapToRegistry   spec: 'latest',
352 silly mapToRegistry   type: 'tag' }
353 silly mapToRegistry uri https://registry.npmjs.org/strip-ansi
354 verbose addNameRange registry:https://registry.npmjs.org/strip-ansi not in flight; fetching
355 silly resolveWithNewModule escape-string-regexp@1.0.5 checking installable status
356 silly cache add args [ 'escape-string-regexp@^1.0.2', null ]
357 verbose cache add spec escape-string-regexp@^1.0.2
358 silly cache add parsed spec Result {
358 silly cache add   raw: 'escape-string-regexp@^1.0.2',
358 silly cache add   scope: null,
358 silly cache add   escapedName: 'escape-string-regexp',
358 silly cache add   name: 'escape-string-regexp',
358 silly cache add   rawSpec: '^1.0.2',
358 silly cache add   spec: '>=1.0.2 <2.0.0',
358 silly cache add   type: 'range' }
359 silly addNamed escape-string-regexp@>=1.0.2 <2.0.0
360 verbose addNamed ">=1.0.2 <2.0.0" is a valid semver range for escape-string-regexp
361 silly addNameRange { name: 'escape-string-regexp',
361 silly addNameRange   range: '>=1.0.2 <2.0.0',
361 silly addNameRange   hasData: false }
362 silly mapToRegistry name escape-string-regexp
363 silly mapToRegistry using default registry
364 silly mapToRegistry registry https://registry.npmjs.org/
365 silly mapToRegistry data Result {
365 silly mapToRegistry   raw: 'escape-string-regexp',
365 silly mapToRegistry   scope: null,
365 silly mapToRegistry   escapedName: 'escape-string-regexp',
365 silly mapToRegistry   name: 'escape-string-regexp',
365 silly mapToRegistry   rawSpec: '',
365 silly mapToRegistry   spec: 'latest',
365 silly mapToRegistry   type: 'tag' }
366 silly mapToRegistry uri https://registry.npmjs.org/escape-string-regexp
367 verbose addNameRange registry:https://registry.npmjs.org/escape-string-regexp not in flight; fetching
368 silly resolveWithNewModule has-ansi@2.0.0 checking installable status
369 silly cache add args [ 'has-ansi@^2.0.0', null ]
370 verbose cache add spec has-ansi@^2.0.0
371 silly cache add parsed spec Result {
371 silly cache add   raw: 'has-ansi@^2.0.0',
371 silly cache add   scope: null,
371 silly cache add   escapedName: 'has-ansi',
371 silly cache add   name: 'has-ansi',
371 silly cache add   rawSpec: '^2.0.0',
371 silly cache add   spec: '>=2.0.0 <3.0.0',
371 silly cache add   type: 'range' }
372 silly addNamed has-ansi@>=2.0.0 <3.0.0
373 verbose addNamed ">=2.0.0 <3.0.0" is a valid semver range for has-ansi
374 silly addNameRange { name: 'has-ansi', range: '>=2.0.0 <3.0.0', hasData: false }
375 silly mapToRegistry name has-ansi
376 silly mapToRegistry using default registry
377 silly mapToRegistry registry https://registry.npmjs.org/
378 silly mapToRegistry data Result {
378 silly mapToRegistry   raw: 'has-ansi',
378 silly mapToRegistry   scope: null,
378 silly mapToRegistry   escapedName: 'has-ansi',
378 silly mapToRegistry   name: 'has-ansi',
378 silly mapToRegistry   rawSpec: '',
378 silly mapToRegistry   spec: 'latest',
378 silly mapToRegistry   type: 'tag' }
379 silly mapToRegistry uri https://registry.npmjs.org/has-ansi
380 verbose addNameRange registry:https://registry.npmjs.org/has-ansi not in flight; fetching
381 silly resolveWithNewModule ansi-styles@2.2.1 checking installable status
382 silly cache add args [ 'ansi-styles@^2.2.1', null ]
383 verbose cache add spec ansi-styles@^2.2.1
384 silly cache add parsed spec Result {
384 silly cache add   raw: 'ansi-styles@^2.2.1',
384 silly cache add   scope: null,
384 silly cache add   escapedName: 'ansi-styles',
384 silly cache add   name: 'ansi-styles',
384 silly cache add   rawSpec: '^2.2.1',
384 silly cache add   spec: '>=2.2.1 <3.0.0',
384 silly cache add   type: 'range' }
385 silly addNamed ansi-styles@>=2.2.1 <3.0.0
386 verbose addNamed ">=2.2.1 <3.0.0" is a valid semver range for ansi-styles
387 silly addNameRange { name: 'ansi-styles', range: '>=2.2.1 <3.0.0', hasData: false }
388 silly mapToRegistry name ansi-styles
389 silly mapToRegistry using default registry
390 silly mapToRegistry registry https://registry.npmjs.org/
391 silly mapToRegistry data Result {
391 silly mapToRegistry   raw: 'ansi-styles',
391 silly mapToRegistry   scope: null,
391 silly mapToRegistry   escapedName: 'ansi-styles',
391 silly mapToRegistry   name: 'ansi-styles',
391 silly mapToRegistry   rawSpec: '',
391 silly mapToRegistry   spec: 'latest',
391 silly mapToRegistry   type: 'tag' }
392 silly mapToRegistry uri https://registry.npmjs.org/ansi-styles
393 verbose addNameRange registry:https://registry.npmjs.org/ansi-styles not in flight; fetching
394 http 200 https://registry.npmjs.org/supports-color
395 verbose headers { server: 'CouchDB/1.5.0 (Erlang OTP/R16B03)',
395 verbose headers   etag: '"C9WZHHZJNHHTQJIQCYMZPJ0U8"',
395 verbose headers   'content-type': 'application/json',
395 verbose headers   'content-encoding': 'gzip',
395 verbose headers   'cache-control': 'max-age=300',
395 verbose headers   'content-length': '3425',
395 verbose headers   'accept-ranges': 'bytes',
395 verbose headers   date: 'Mon, 07 Nov 2016 21:27:39 GMT',
395 verbose headers   via: '1.1 varnish',
395 verbose headers   age: '192',
395 verbose headers   connection: 'keep-alive',
395 verbose headers   'x-served-by': 'cache-sea1923-SEA',
395 verbose headers   'x-cache': 'HIT',
395 verbose headers   'x-cache-hits': '322',
395 verbose headers   'x-timer': 'S1478554059.747698,VS0,VE0',
395 verbose headers   vary: 'Accept-Encoding' }
396 silly get cb [ 200,
396 silly get   { server: 'CouchDB/1.5.0 (Erlang OTP/R16B03)',
396 silly get     etag: '"C9WZHHZJNHHTQJIQCYMZPJ0U8"',
396 silly get     'content-type': 'application/json',
396 silly get     'content-encoding': 'gzip',
396 silly get     'cache-control': 'max-age=300',
396 silly get     'content-length': '3425',
396 silly get     'accept-ranges': 'bytes',
396 silly get     date: 'Mon, 07 Nov 2016 21:27:39 GMT',
396 silly get     via: '1.1 varnish',
396 silly get     age: '192',
396 silly get     connection: 'keep-alive',
396 silly get     'x-served-by': 'cache-sea1923-SEA',
396 silly get     'x-cache': 'HIT',
396 silly get     'x-cache-hits': '322',
396 silly get     'x-timer': 'S1478554059.747698,VS0,VE0',
396 silly get     vary: 'Accept-Encoding' } ]
397 verbose get saving supports-color to /Users/mikefree/.npm/registry.npmjs.org/supports-color/.cache.json
398 verbose correctMkdir /Users/mikefree/.npm correctMkdir not in flight; initializing
399 verbose get https://registry.npmjs.org/escape-string-regexp not expired, no request
400 silly addNameRange number 2 { name: 'escape-string-regexp',
400 silly addNameRange   range: '>=1.0.2 <2.0.0',
400 silly addNameRange   hasData: true }
401 silly addNameRange versions [ 'escape-string-regexp',
401 silly addNameRange   [ '1.0.0', '1.0.1', '1.0.2', '1.0.3', '1.0.4', '1.0.5' ] ]
402 silly addNamed escape-string-regexp@1.0.5
403 verbose addNamed "1.0.5" is a plain semver version for escape-string-regexp
404 verbose get https://registry.npmjs.org/strip-ansi not expired, no request
405 silly addNameRange number 2 { name: 'strip-ansi', range: '>=3.0.0 <4.0.0', hasData: true }
406 silly addNameRange versions [ 'strip-ansi',
406 silly addNameRange   [ '0.1.0',
406 silly addNameRange     '0.1.1',
406 silly addNameRange     '0.2.0',
406 silly addNameRange     '0.2.1',
406 silly addNameRange     '0.2.2',
406 silly addNameRange     '0.3.0',
406 silly addNameRange     '1.0.0',
406 silly addNameRange     '2.0.0',
406 silly addNameRange     '2.0.1',
406 silly addNameRange     '3.0.0',
406 silly addNameRange     '3.0.1' ] ]
407 silly addNamed strip-ansi@3.0.1
408 verbose addNamed "3.0.1" is a plain semver version for strip-ansi
409 verbose get https://registry.npmjs.org/has-ansi not expired, no request
410 silly addNameRange number 2 { name: 'has-ansi', range: '>=2.0.0 <3.0.0', hasData: true }
411 silly addNameRange versions [ 'has-ansi',
411 silly addNameRange   [ '0.1.0', '1.0.0', '1.0.1', '1.0.2', '1.0.3', '2.0.0' ] ]
412 silly addNamed has-ansi@2.0.0
413 verbose addNamed "2.0.0" is a plain semver version for has-ansi
414 silly cache afterAdd escape-string-regexp@1.0.5
415 verbose afterAdd /Users/mikefree/.npm/escape-string-regexp/1.0.5/package/package.json not in flight; writing
416 verbose correctMkdir /Users/mikefree/.npm correctMkdir not in flight; initializing
417 silly resolveWithNewModule supports-color@2.0.0 checking installable status
418 silly cache add args [ 'supports-color@^2.0.0', null ]
419 verbose cache add spec supports-color@^2.0.0
420 silly cache add parsed spec Result {
420 silly cache add   raw: 'supports-color@^2.0.0',
420 silly cache add   scope: null,
420 silly cache add   escapedName: 'supports-color',
420 silly cache add   name: 'supports-color',
420 silly cache add   rawSpec: '^2.0.0',
420 silly cache add   spec: '>=2.0.0 <3.0.0',
420 silly cache add   type: 'range' }
421 silly addNamed supports-color@>=2.0.0 <3.0.0
422 verbose addNamed ">=2.0.0 <3.0.0" is a valid semver range for supports-color
423 silly addNameRange { name: 'supports-color',
423 silly addNameRange   range: '>=2.0.0 <3.0.0',
423 silly addNameRange   hasData: false }
424 silly mapToRegistry name supports-color
425 silly mapToRegistry using default registry
426 silly mapToRegistry registry https://registry.npmjs.org/
427 silly mapToRegistry data Result {
427 silly mapToRegistry   raw: 'supports-color',
427 silly mapToRegistry   scope: null,
427 silly mapToRegistry   escapedName: 'supports-color',
427 silly mapToRegistry   name: 'supports-color',
427 silly mapToRegistry   rawSpec: '',
427 silly mapToRegistry   spec: 'latest',
427 silly mapToRegistry   type: 'tag' }
428 silly mapToRegistry uri https://registry.npmjs.org/supports-color
429 verbose addNameRange registry:https://registry.npmjs.org/supports-color not in flight; fetching
430 verbose get https://registry.npmjs.org/ansi-styles not expired, no request
431 silly addNameRange number 2 { name: 'ansi-styles', range: '>=2.2.1 <3.0.0', hasData: true }
432 silly addNameRange versions [ 'ansi-styles',
432 silly addNameRange   [ '0.1.0',
432 silly addNameRange     '0.1.1',
432 silly addNameRange     '0.1.2',
432 silly addNameRange     '0.2.0',
432 silly addNameRange     '1.0.0',
432 silly addNameRange     '1.1.0',
432 silly addNameRange     '2.0.0',
432 silly addNameRange     '2.0.1',
432 silly addNameRange     '2.1.0',
432 silly addNameRange     '2.2.1' ] ]
433 silly addNamed ansi-styles@2.2.1
434 verbose addNamed "2.2.1" is a plain semver version for ansi-styles
435 verbose afterAdd /Users/mikefree/.npm/escape-string-regexp/1.0.5/package/package.json written
436 silly cache afterAdd strip-ansi@3.0.1
437 verbose afterAdd /Users/mikefree/.npm/strip-ansi/3.0.1/package/package.json not in flight; writing
438 verbose correctMkdir /Users/mikefree/.npm correctMkdir not in flight; initializing
439 silly cache afterAdd has-ansi@2.0.0
440 verbose afterAdd /Users/mikefree/.npm/has-ansi/2.0.0/package/package.json not in flight; writing
441 verbose correctMkdir /Users/mikefree/.npm correctMkdir not in flight; initializing
442 verbose get https://registry.npmjs.org/supports-color not expired, no request
443 silly addNameRange number 2 { name: 'supports-color',
443 silly addNameRange   range: '>=2.0.0 <3.0.0',
443 silly addNameRange   hasData: true }
444 silly addNameRange versions [ 'supports-color',
444 silly addNameRange   [ '0.2.0',
444 silly addNameRange     '1.0.0',
444 silly addNameRange     '1.1.0',
444 silly addNameRange     '1.2.0',
444 silly addNameRange     '1.2.1',
444 silly addNameRange     '1.3.0',
444 silly addNameRange     '1.3.1',
444 silly addNameRange     '2.0.0',
444 silly addNameRange     '3.0.0',
444 silly addNameRange     '3.0.1',
444 silly addNameRange     '3.1.0',
444 silly addNameRange     '3.1.1',
444 silly addNameRange     '3.1.2' ] ]
445 silly addNamed supports-color@2.0.0
446 verbose addNamed "2.0.0" is a plain semver version for supports-color
447 verbose afterAdd /Users/mikefree/.npm/strip-ansi/3.0.1/package/package.json written
448 verbose afterAdd /Users/mikefree/.npm/has-ansi/2.0.0/package/package.json written
449 silly cache afterAdd ansi-styles@2.2.1
450 verbose afterAdd /Users/mikefree/.npm/ansi-styles/2.2.1/package/package.json not in flight; writing
451 verbose correctMkdir /Users/mikefree/.npm correctMkdir not in flight; initializing
452 verbose afterAdd /Users/mikefree/.npm/ansi-styles/2.2.1/package/package.json written
453 silly cache afterAdd supports-color@2.0.0
454 verbose afterAdd /Users/mikefree/.npm/supports-color/2.0.0/package/package.json not in flight; writing
455 verbose correctMkdir /Users/mikefree/.npm correctMkdir not in flight; initializing
456 verbose afterAdd /Users/mikefree/.npm/supports-color/2.0.0/package/package.json written
457 silly fetchNamedPackageData ansi-regex
458 silly mapToRegistry name ansi-regex
459 silly mapToRegistry using default registry
460 silly mapToRegistry registry https://registry.npmjs.org/
461 silly mapToRegistry data Result {
461 silly mapToRegistry   raw: 'ansi-regex',
461 silly mapToRegistry   scope: null,
461 silly mapToRegistry   escapedName: 'ansi-regex',
461 silly mapToRegistry   name: 'ansi-regex',
461 silly mapToRegistry   rawSpec: '',
461 silly mapToRegistry   spec: 'latest',
461 silly mapToRegistry   type: 'tag' }
462 silly mapToRegistry uri https://registry.npmjs.org/ansi-regex
463 verbose request uri https://registry.npmjs.org/ansi-regex
464 verbose request no auth needed
465 info attempt registry request try #1 at 1:27:39 PM
466 verbose etag "C5QBAL9R3FEA4BFQL7FHK77RZ"
467 http request GET https://registry.npmjs.org/ansi-regex
468 http 304 https://registry.npmjs.org/ansi-regex
469 verbose headers { date: 'Mon, 07 Nov 2016 21:27:39 GMT',
469 verbose headers   via: '1.1 varnish',
469 verbose headers   'cache-control': 'max-age=300',
469 verbose headers   etag: '"C5QBAL9R3FEA4BFQL7FHK77RZ"',
469 verbose headers   age: '281',
469 verbose headers   connection: 'keep-alive',
469 verbose headers   'x-served-by': 'cache-sea1922-SEA',
469 verbose headers   'x-cache': 'HIT',
469 verbose headers   'x-cache-hits': '83',
469 verbose headers   'x-timer': 'S1478554059.832594,VS0,VE0',
469 verbose headers   vary: 'Accept-Encoding' }
470 silly get cb [ 304,
470 silly get   { date: 'Mon, 07 Nov 2016 21:27:39 GMT',
470 silly get     via: '1.1 varnish',
470 silly get     'cache-control': 'max-age=300',
470 silly get     etag: '"C5QBAL9R3FEA4BFQL7FHK77RZ"',
470 silly get     age: '281',
470 silly get     connection: 'keep-alive',
470 silly get     'x-served-by': 'cache-sea1922-SEA',
470 silly get     'x-cache': 'HIT',
470 silly get     'x-cache-hits': '83',
470 silly get     'x-timer': 'S1478554059.832594,VS0,VE0',
470 silly get     vary: 'Accept-Encoding' } ]
471 verbose etag https://registry.npmjs.org/ansi-regex from cache
472 verbose get saving ansi-regex to /Users/mikefree/.npm/registry.npmjs.org/ansi-regex/.cache.json
473 verbose correctMkdir /Users/mikefree/.npm correctMkdir not in flight; initializing
474 silly resolveWithNewModule ansi-regex@2.0.0 checking installable status
475 silly cache add args [ 'ansi-regex@^2.0.0', null ]
476 verbose cache add spec ansi-regex@^2.0.0
477 silly cache add parsed spec Result {
477 silly cache add   raw: 'ansi-regex@^2.0.0',
477 silly cache add   scope: null,
477 silly cache add   escapedName: 'ansi-regex',
477 silly cache add   name: 'ansi-regex',
477 silly cache add   rawSpec: '^2.0.0',
477 silly cache add   spec: '>=2.0.0 <3.0.0',
477 silly cache add   type: 'range' }
478 silly addNamed ansi-regex@>=2.0.0 <3.0.0
479 verbose addNamed ">=2.0.0 <3.0.0" is a valid semver range for ansi-regex
480 silly addNameRange { name: 'ansi-regex', range: '>=2.0.0 <3.0.0', hasData: false }
481 silly mapToRegistry name ansi-regex
482 silly mapToRegistry using default registry
483 silly mapToRegistry registry https://registry.npmjs.org/
484 silly mapToRegistry data Result {
484 silly mapToRegistry   raw: 'ansi-regex',
484 silly mapToRegistry   scope: null,
484 silly mapToRegistry   escapedName: 'ansi-regex',
484 silly mapToRegistry   name: 'ansi-regex',
484 silly mapToRegistry   rawSpec: '',
484 silly mapToRegistry   spec: 'latest',
484 silly mapToRegistry   type: 'tag' }
485 silly mapToRegistry uri https://registry.npmjs.org/ansi-regex
486 verbose addNameRange registry:https://registry.npmjs.org/ansi-regex not in flight; fetching
487 verbose get https://registry.npmjs.org/ansi-regex not expired, no request
488 silly addNameRange number 2 { name: 'ansi-regex', range: '>=2.0.0 <3.0.0', hasData: true }
489 silly addNameRange versions [ 'ansi-regex',
489 silly addNameRange   [ '0.1.0', '0.2.0', '0.2.1', '1.0.0', '1.1.0', '1.1.1', '2.0.0' ] ]
490 silly addNamed ansi-regex@2.0.0
491 verbose addNamed "2.0.0" is a plain semver version for ansi-regex
492 silly cache afterAdd ansi-regex@2.0.0
493 verbose afterAdd /Users/mikefree/.npm/ansi-regex/2.0.0/package/package.json not in flight; writing
494 verbose correctMkdir /Users/mikefree/.npm correctMkdir not in flight; initializing
495 verbose afterAdd /Users/mikefree/.npm/ansi-regex/2.0.0/package/package.json written
496 silly fetchNamedPackageData lru-cache
497 silly mapToRegistry name lru-cache
498 silly mapToRegistry using default registry
499 silly mapToRegistry registry https://registry.npmjs.org/
500 silly mapToRegistry data Result {
500 silly mapToRegistry   raw: 'lru-cache',
500 silly mapToRegistry   scope: null,
500 silly mapToRegistry   escapedName: 'lru-cache',
500 silly mapToRegistry   name: 'lru-cache',
500 silly mapToRegistry   rawSpec: '',
500 silly mapToRegistry   spec: 'latest',
500 silly mapToRegistry   type: 'tag' }
501 silly mapToRegistry uri https://registry.npmjs.org/lru-cache
502 silly fetchNamedPackageData which
503 silly mapToRegistry name which
504 silly mapToRegistry using default registry
505 silly mapToRegistry registry https://registry.npmjs.org/
506 silly mapToRegistry data Result {
506 silly mapToRegistry   raw: 'which',
506 silly mapToRegistry   scope: null,
506 silly mapToRegistry   escapedName: 'which',
506 silly mapToRegistry   name: 'which',
506 silly mapToRegistry   rawSpec: '',
506 silly mapToRegistry   spec: 'latest',
506 silly mapToRegistry   type: 'tag' }
507 silly mapToRegistry uri https://registry.npmjs.org/which
508 verbose request uri https://registry.npmjs.org/which
509 verbose request no auth needed
510 info attempt registry request try #1 at 1:27:39 PM
511 verbose etag "2KFIPWGAL54RH75Q4VKLWD6E0"
512 http request GET https://registry.npmjs.org/which
513 http 304 https://registry.npmjs.org/which
514 verbose headers { date: 'Mon, 07 Nov 2016 21:27:39 GMT',
514 verbose headers   via: '1.1 varnish',
514 verbose headers   'cache-control': 'max-age=300',
514 verbose headers   etag: '"2KFIPWGAL54RH75Q4VKLWD6E0"',
514 verbose headers   age: '89',
514 verbose headers   connection: 'keep-alive',
514 verbose headers   'x-served-by': 'cache-sea1923-SEA',
514 verbose headers   'x-cache': 'HIT',
514 verbose headers   'x-cache-hits': '28',
514 verbose headers   'x-timer': 'S1478554059.903883,VS0,VE0',
514 verbose headers   vary: 'Accept-Encoding' }
515 silly get cb [ 304,
515 silly get   { date: 'Mon, 07 Nov 2016 21:27:39 GMT',
515 silly get     via: '1.1 varnish',
515 silly get     'cache-control': 'max-age=300',
515 silly get     etag: '"2KFIPWGAL54RH75Q4VKLWD6E0"',
515 silly get     age: '89',
515 silly get     connection: 'keep-alive',
515 silly get     'x-served-by': 'cache-sea1923-SEA',
515 silly get     'x-cache': 'HIT',
515 silly get     'x-cache-hits': '28',
515 silly get     'x-timer': 'S1478554059.903883,VS0,VE0',
515 silly get     vary: 'Accept-Encoding' } ]
516 verbose etag https://registry.npmjs.org/which from cache
517 verbose get saving which to /Users/mikefree/.npm/registry.npmjs.org/which/.cache.json
518 verbose correctMkdir /Users/mikefree/.npm correctMkdir not in flight; initializing
519 verbose request uri https://registry.npmjs.org/lru-cache
520 verbose request no auth needed
521 info attempt registry request try #1 at 1:27:39 PM
522 verbose etag "BJU9OTYM4JDJV55HJVIIEZODA"
523 http request GET https://registry.npmjs.org/lru-cache
524 silly resolveWithNewModule which@1.2.11 checking installable status
525 silly cache add args [ 'which@^1.2.9', null ]
526 verbose cache add spec which@^1.2.9
527 silly cache add parsed spec Result {
527 silly cache add   raw: 'which@^1.2.9',
527 silly cache add   scope: null,
527 silly cache add   escapedName: 'which',
527 silly cache add   name: 'which',
527 silly cache add   rawSpec: '^1.2.9',
527 silly cache add   spec: '>=1.2.9 <2.0.0',
527 silly cache add   type: 'range' }
528 silly addNamed which@>=1.2.9 <2.0.0
529 verbose addNamed ">=1.2.9 <2.0.0" is a valid semver range for which
530 silly addNameRange { name: 'which', range: '>=1.2.9 <2.0.0', hasData: false }
531 silly mapToRegistry name which
532 silly mapToRegistry using default registry
533 silly mapToRegistry registry https://registry.npmjs.org/
534 silly mapToRegistry data Result {
534 silly mapToRegistry   raw: 'which',
534 silly mapToRegistry   scope: null,
534 silly mapToRegistry   escapedName: 'which',
534 silly mapToRegistry   name: 'which',
534 silly mapToRegistry   rawSpec: '',
534 silly mapToRegistry   spec: 'latest',
534 silly mapToRegistry   type: 'tag' }
535 silly mapToRegistry uri https://registry.npmjs.org/which
536 verbose addNameRange registry:https://registry.npmjs.org/which not in flight; fetching
537 http 200 https://registry.npmjs.org/lru-cache
538 verbose headers { server: 'CouchDB/1.6.1 (Erlang OTP/R16B03)',
538 verbose headers   etag: '"B4FG6Y8SHOK9196DBYAS52ZWP"',
538 verbose headers   'content-type': 'application/json',
538 verbose headers   'content-encoding': 'gzip',
538 verbose headers   'cache-control': 'max-age=300',
538 verbose headers   'content-length': '8407',
538 verbose headers   'accept-ranges': 'bytes',
538 verbose headers   date: 'Mon, 07 Nov 2016 21:27:39 GMT',
538 verbose headers   via: '1.1 varnish',
538 verbose headers   age: '299',
538 verbose headers   connection: 'keep-alive',
538 verbose headers   'x-served-by': 'cache-sea1923-SEA',
538 verbose headers   'x-cache': 'HIT',
538 verbose headers   'x-cache-hits': '70',
538 verbose headers   'x-timer': 'S1478554059.908088,VS0,VE0',
538 verbose headers   vary: 'Accept-Encoding' }
539 silly get cb [ 200,
539 silly get   { server: 'CouchDB/1.6.1 (Erlang OTP/R16B03)',
539 silly get     etag: '"B4FG6Y8SHOK9196DBYAS52ZWP"',
539 silly get     'content-type': 'application/json',
539 silly get     'content-encoding': 'gzip',
539 silly get     'cache-control': 'max-age=300',
539 silly get     'content-length': '8407',
539 silly get     'accept-ranges': 'bytes',
539 silly get     date: 'Mon, 07 Nov 2016 21:27:39 GMT',
539 silly get     via: '1.1 varnish',
539 silly get     age: '299',
539 silly get     connection: 'keep-alive',
539 silly get     'x-served-by': 'cache-sea1923-SEA',
539 silly get     'x-cache': 'HIT',
539 silly get     'x-cache-hits': '70',
539 silly get     'x-timer': 'S1478554059.908088,VS0,VE0',
539 silly get     vary: 'Accept-Encoding' } ]
540 verbose get saving lru-cache to /Users/mikefree/.npm/registry.npmjs.org/lru-cache/.cache.json
541 verbose correctMkdir /Users/mikefree/.npm correctMkdir not in flight; initializing
542 silly resolveWithNewModule lru-cache@4.0.1 checking installable status
543 silly cache add args [ 'lru-cache@^4.0.1', null ]
544 verbose cache add spec lru-cache@^4.0.1
545 silly cache add parsed spec Result {
545 silly cache add   raw: 'lru-cache@^4.0.1',
545 silly cache add   scope: null,
545 silly cache add   escapedName: 'lru-cache',
545 silly cache add   name: 'lru-cache',
545 silly cache add   rawSpec: '^4.0.1',
545 silly cache add   spec: '>=4.0.1 <5.0.0',
545 silly cache add   type: 'range' }
546 silly addNamed lru-cache@>=4.0.1 <5.0.0
547 verbose addNamed ">=4.0.1 <5.0.0" is a valid semver range for lru-cache
548 silly addNameRange { name: 'lru-cache', range: '>=4.0.1 <5.0.0', hasData: false }
549 silly mapToRegistry name lru-cache
550 silly mapToRegistry using default registry
551 silly mapToRegistry registry https://registry.npmjs.org/
552 silly mapToRegistry data Result {
552 silly mapToRegistry   raw: 'lru-cache',
552 silly mapToRegistry   scope: null,
552 silly mapToRegistry   escapedName: 'lru-cache',
552 silly mapToRegistry   name: 'lru-cache',
552 silly mapToRegistry   rawSpec: '',
552 silly mapToRegistry   spec: 'latest',
552 silly mapToRegistry   type: 'tag' }
553 silly mapToRegistry uri https://registry.npmjs.org/lru-cache
554 verbose addNameRange registry:https://registry.npmjs.org/lru-cache not in flight; fetching
555 verbose get https://registry.npmjs.org/which not expired, no request
556 silly addNameRange number 2 { name: 'which', range: '>=1.2.9 <2.0.0', hasData: true }
557 silly addNameRange versions [ 'which',
557 silly addNameRange   [ '1.0.0',
557 silly addNameRange     '1.0.1',
557 silly addNameRange     '1.0.2',
557 silly addNameRange     '1.0.3',
557 silly addNameRange     '1.0.5',
557 silly addNameRange     '1.0.6',
557 silly addNameRange     '1.0.7',
557 silly addNameRange     '1.0.8',
557 silly addNameRange     '1.0.9',
557 silly addNameRange     '1.1.0',
557 silly addNameRange     '1.1.1',
557 silly addNameRange     '1.1.2',
557 silly addNameRange     '1.2.0',
557 silly addNameRange     '1.2.1',
557 silly addNameRange     '1.2.4',
557 silly addNameRange     '1.2.5',
557 silly addNameRange     '1.2.6',
557 silly addNameRange     '1.2.7',
557 silly addNameRange     '1.2.8',
557 silly addNameRange     '1.2.9',
557 silly addNameRange     '1.2.10',
557 silly addNameRange     '1.2.11' ] ]
558 silly addNamed which@1.2.11
559 verbose addNamed "1.2.11" is a plain semver version for which
560 silly cache afterAdd which@1.2.11
561 verbose afterAdd /Users/mikefree/.npm/which/1.2.11/package/package.json not in flight; writing
562 verbose correctMkdir /Users/mikefree/.npm correctMkdir not in flight; initializing
563 verbose afterAdd /Users/mikefree/.npm/which/1.2.11/package/package.json written
564 verbose get https://registry.npmjs.org/lru-cache not expired, no request
565 silly addNameRange number 2 { name: 'lru-cache', range: '>=4.0.1 <5.0.0', hasData: true }
566 silly addNameRange versions [ 'lru-cache',
566 silly addNameRange   [ '1.0.1',
566 silly addNameRange     '1.0.2',
566 silly addNameRange     '1.0.3',
566 silly addNameRange     '1.0.4',
566 silly addNameRange     '1.0.5',
566 silly addNameRange     '1.0.6',
566 silly addNameRange     '1.1.0',
566 silly addNameRange     '1.1.1',
566 silly addNameRange     '2.0.0',
566 silly addNameRange     '2.0.1',
566 silly addNameRange     '2.0.2',
566 silly addNameRange     '2.0.3',
566 silly addNameRange     '2.0.4',
566 silly addNameRange     '2.1.0',
566 silly addNameRange     '2.2.0',
566 silly addNameRange     '2.2.1',
566 silly addNameRange     '2.2.2',
566 silly addNameRange     '2.2.4',
566 silly addNameRange     '2.3.0',
566 silly addNameRange     '2.3.1',
566 silly addNameRange     '2.5.0',
566 silly addNameRange     '2.5.1',
566 silly addNameRange     '2.5.2',
566 silly addNameRange     '2.6.0',
566 silly addNameRange     '2.6.1',
566 silly addNameRange     '2.6.2',
566 silly addNameRange     '2.6.3',
566 silly addNameRange     '2.6.4',
566 silly addNameRange     '2.6.5',
566 silly addNameRange     '2.7.0',
566 silly addNameRange     '2.7.1',
566 silly addNameRange     '2.7.2',
566 silly addNameRange     '2.7.3',
566 silly addNameRange     '3.0.0',
566 silly addNameRange     '3.1.0',
566 silly addNameRange     '3.1.1',
566 silly addNameRange     '3.1.2',
566 silly addNameRange     '3.2.0',
566 silly addNameRange     '4.0.0',
566 silly addNameRange     '4.0.1' ] ]
567 silly addNamed lru-cache@4.0.1
568 verbose addNamed "4.0.1" is a plain semver version for lru-cache
569 silly cache afterAdd lru-cache@4.0.1
570 verbose afterAdd /Users/mikefree/.npm/lru-cache/4.0.1/package/package.json not in flight; writing
571 verbose correctMkdir /Users/mikefree/.npm correctMkdir not in flight; initializing
572 verbose afterAdd /Users/mikefree/.npm/lru-cache/4.0.1/package/package.json written
573 silly fetchNamedPackageData pseudomap
574 silly mapToRegistry name pseudomap
575 silly mapToRegistry using default registry
576 silly mapToRegistry registry https://registry.npmjs.org/
577 silly mapToRegistry data Result {
577 silly mapToRegistry   raw: 'pseudomap',
577 silly mapToRegistry   scope: null,
577 silly mapToRegistry   escapedName: 'pseudomap',
577 silly mapToRegistry   name: 'pseudomap',
577 silly mapToRegistry   rawSpec: '',
577 silly mapToRegistry   spec: 'latest',
577 silly mapToRegistry   type: 'tag' }
578 silly mapToRegistry uri https://registry.npmjs.org/pseudomap
579 silly fetchNamedPackageData yallist
580 silly mapToRegistry name yallist
581 silly mapToRegistry using default registry
582 silly mapToRegistry registry https://registry.npmjs.org/
583 silly mapToRegistry data Result {
583 silly mapToRegistry   raw: 'yallist',
583 silly mapToRegistry   scope: null,
583 silly mapToRegistry   escapedName: 'yallist',
583 silly mapToRegistry   name: 'yallist',
583 silly mapToRegistry   rawSpec: '',
583 silly mapToRegistry   spec: 'latest',
583 silly mapToRegistry   type: 'tag' }
584 silly mapToRegistry uri https://registry.npmjs.org/yallist
585 verbose request uri https://registry.npmjs.org/pseudomap
586 verbose request no auth needed
587 info attempt registry request try #1 at 1:27:39 PM
588 verbose etag "DUOK70GJPZOHMDOKRKT7ULNQM"
589 http request GET https://registry.npmjs.org/pseudomap
590 http 304 https://registry.npmjs.org/pseudomap
591 verbose headers { date: 'Mon, 07 Nov 2016 21:27:39 GMT',
591 verbose headers   via: '1.1 varnish',
591 verbose headers   'cache-control': 'max-age=300',
591 verbose headers   etag: '"DUOK70GJPZOHMDOKRKT7ULNQM"',
591 verbose headers   age: '63',
591 verbose headers   connection: 'keep-alive',
591 verbose headers   'x-served-by': 'cache-sea1922-SEA',
591 verbose headers   'x-cache': 'HIT',
591 verbose headers   'x-cache-hits': '7',
591 verbose headers   'x-timer': 'S1478554059.969949,VS0,VE0',
591 verbose headers   vary: 'Accept-Encoding' }
592 silly get cb [ 304,
592 silly get   { date: 'Mon, 07 Nov 2016 21:27:39 GMT',
592 silly get     via: '1.1 varnish',
592 silly get     'cache-control': 'max-age=300',
592 silly get     etag: '"DUOK70GJPZOHMDOKRKT7ULNQM"',
592 silly get     age: '63',
592 silly get     connection: 'keep-alive',
592 silly get     'x-served-by': 'cache-sea1922-SEA',
592 silly get     'x-cache': 'HIT',
592 silly get     'x-cache-hits': '7',
592 silly get     'x-timer': 'S1478554059.969949,VS0,VE0',
592 silly get     vary: 'Accept-Encoding' } ]
593 verbose etag https://registry.npmjs.org/pseudomap from cache
594 verbose get saving pseudomap to /Users/mikefree/.npm/registry.npmjs.org/pseudomap/.cache.json
595 verbose correctMkdir /Users/mikefree/.npm correctMkdir not in flight; initializing
596 silly resolveWithNewModule pseudomap@1.0.2 checking installable status
597 silly cache add args [ 'pseudomap@^1.0.1', null ]
598 verbose cache add spec pseudomap@^1.0.1
599 silly cache add parsed spec Result {
599 silly cache add   raw: 'pseudomap@^1.0.1',
599 silly cache add   scope: null,
599 silly cache add   escapedName: 'pseudomap',
599 silly cache add   name: 'pseudomap',
599 silly cache add   rawSpec: '^1.0.1',
599 silly cache add   spec: '>=1.0.1 <2.0.0',
599 silly cache add   type: 'range' }
600 silly addNamed pseudomap@>=1.0.1 <2.0.0
601 verbose addNamed ">=1.0.1 <2.0.0" is a valid semver range for pseudomap
602 silly addNameRange { name: 'pseudomap', range: '>=1.0.1 <2.0.0', hasData: false }
603 silly mapToRegistry name pseudomap
604 silly mapToRegistry using default registry
605 silly mapToRegistry registry https://registry.npmjs.org/
606 silly mapToRegistry data Result {
606 silly mapToRegistry   raw: 'pseudomap',
606 silly mapToRegistry   scope: null,
606 silly mapToRegistry   escapedName: 'pseudomap',
606 silly mapToRegistry   name: 'pseudomap',
606 silly mapToRegistry   rawSpec: '',
606 silly mapToRegistry   spec: 'latest',
606 silly mapToRegistry   type: 'tag' }
607 silly mapToRegistry uri https://registry.npmjs.org/pseudomap
608 verbose addNameRange registry:https://registry.npmjs.org/pseudomap not in flight; fetching
609 verbose request uri https://registry.npmjs.org/yallist
610 verbose request no auth needed
611 info attempt registry request try #1 at 1:27:39 PM
612 verbose etag "3LK2LCIO05OJQFXB4G9ZEET1H"
613 http request GET https://registry.npmjs.org/yallist
614 http 200 https://registry.npmjs.org/yallist
615 verbose headers { server: 'CouchDB/1.5.0 (Erlang OTP/R16B03)',
615 verbose headers   etag: '"22HEI9SZEQRP5TZP1H52HM1P8"',
615 verbose headers   'content-type': 'application/json',
615 verbose headers   'content-encoding': 'gzip',
615 verbose headers   'cache-control': 'max-age=300',
615 verbose headers   'content-length': '3122',
615 verbose headers   'accept-ranges': 'bytes',
615 verbose headers   date: 'Mon, 07 Nov 2016 21:27:39 GMT',
615 verbose headers   via: '1.1 varnish',
615 verbose headers   age: '264',
615 verbose headers   connection: 'keep-alive',
615 verbose headers   'x-served-by': 'cache-sea1923-SEA',
615 verbose headers   'x-cache': 'HIT',
615 verbose headers   'x-cache-hits': '14',
615 verbose headers   'x-timer': 'S1478554059.977965,VS0,VE0',
615 verbose headers   vary: 'Accept-Encoding' }
616 silly get cb [ 200,
616 silly get   { server: 'CouchDB/1.5.0 (Erlang OTP/R16B03)',
616 silly get     etag: '"22HEI9SZEQRP5TZP1H52HM1P8"',
616 silly get     'content-type': 'application/json',
616 silly get     'content-encoding': 'gzip',
616 silly get     'cache-control': 'max-age=300',
616 silly get     'content-length': '3122',
616 silly get     'accept-ranges': 'bytes',
616 silly get     date: 'Mon, 07 Nov 2016 21:27:39 GMT',
616 silly get     via: '1.1 varnish',
616 silly get     age: '264',
616 silly get     connection: 'keep-alive',
616 silly get     'x-served-by': 'cache-sea1923-SEA',
616 silly get     'x-cache': 'HIT',
616 silly get     'x-cache-hits': '14',
616 silly get     'x-timer': 'S1478554059.977965,VS0,VE0',
616 silly get     vary: 'Accept-Encoding' } ]
617 verbose get saving yallist to /Users/mikefree/.npm/registry.npmjs.org/yallist/.cache.json
618 verbose correctMkdir /Users/mikefree/.npm correctMkdir not in flight; initializing
619 verbose get https://registry.npmjs.org/pseudomap not expired, no request
620 silly addNameRange number 2 { name: 'pseudomap', range: '>=1.0.1 <2.0.0', hasData: true }
621 silly addNameRange versions [ 'pseudomap', [ '1.0.0', '1.0.1', '1.0.2' ] ]
622 silly addNamed pseudomap@1.0.2
623 verbose addNamed "1.0.2" is a plain semver version for pseudomap
624 silly resolveWithNewModule yallist@2.0.0 checking installable status
625 silly cache add args [ 'yallist@^2.0.0', null ]
626 verbose cache add spec yallist@^2.0.0
627 silly cache add parsed spec Result {
627 silly cache add   raw: 'yallist@^2.0.0',
627 silly cache add   scope: null,
627 silly cache add   escapedName: 'yallist',
627 silly cache add   name: 'yallist',
627 silly cache add   rawSpec: '^2.0.0',
627 silly cache add   spec: '>=2.0.0 <3.0.0',
627 silly cache add   type: 'range' }
628 silly addNamed yallist@>=2.0.0 <3.0.0
629 verbose addNamed ">=2.0.0 <3.0.0" is a valid semver range for yallist
630 silly addNameRange { name: 'yallist', range: '>=2.0.0 <3.0.0', hasData: false }
631 silly mapToRegistry name yallist
632 silly mapToRegistry using default registry
633 silly mapToRegistry registry https://registry.npmjs.org/
634 silly mapToRegistry data Result {
634 silly mapToRegistry   raw: 'yallist',
634 silly mapToRegistry   scope: null,
634 silly mapToRegistry   escapedName: 'yallist',
634 silly mapToRegistry   name: 'yallist',
634 silly mapToRegistry   rawSpec: '',
634 silly mapToRegistry   spec: 'latest',
634 silly mapToRegistry   type: 'tag' }
635 silly mapToRegistry uri https://registry.npmjs.org/yallist
636 verbose addNameRange registry:https://registry.npmjs.org/yallist not in flight; fetching
637 silly cache afterAdd pseudomap@1.0.2
638 verbose afterAdd /Users/mikefree/.npm/pseudomap/1.0.2/package/package.json not in flight; writing
639 verbose correctMkdir /Users/mikefree/.npm correctMkdir not in flight; initializing
640 verbose afterAdd /Users/mikefree/.npm/pseudomap/1.0.2/package/package.json written
641 verbose get https://registry.npmjs.org/yallist not expired, no request
642 silly addNameRange number 2 { name: 'yallist', range: '>=2.0.0 <3.0.0', hasData: true }
643 silly addNameRange versions [ 'yallist', [ '1.0.0', '1.0.1', '1.0.2', '1.1.0', '2.0.0' ] ]
644 silly addNamed yallist@2.0.0
645 verbose addNamed "2.0.0" is a plain semver version for yallist
646 silly cache afterAdd yallist@2.0.0
647 verbose afterAdd /Users/mikefree/.npm/yallist/2.0.0/package/package.json not in flight; writing
648 verbose correctMkdir /Users/mikefree/.npm correctMkdir not in flight; initializing
649 verbose afterAdd /Users/mikefree/.npm/yallist/2.0.0/package/package.json written
650 silly fetchNamedPackageData isexe
651 silly mapToRegistry name isexe
652 silly mapToRegistry using default registry
653 silly mapToRegistry registry https://registry.npmjs.org/
654 silly mapToRegistry data Result {
654 silly mapToRegistry   raw: 'isexe',
654 silly mapToRegistry   scope: null,
654 silly mapToRegistry   escapedName: 'isexe',
654 silly mapToRegistry   name: 'isexe',
654 silly mapToRegistry   rawSpec: '',
654 silly mapToRegistry   spec: 'latest',
654 silly mapToRegistry   type: 'tag' }
655 silly mapToRegistry uri https://registry.npmjs.org/isexe
656 verbose request uri https://registry.npmjs.org/isexe
657 verbose request no auth needed
658 info attempt registry request try #1 at 1:27:40 PM
659 verbose etag "A2WFQOVCYSXLEGQ5B5D2A8KGT"
660 http request GET https://registry.npmjs.org/isexe
661 http 304 https://registry.npmjs.org/isexe
662 verbose headers { date: 'Mon, 07 Nov 2016 21:27:40 GMT',
662 verbose headers   via: '1.1 varnish',
662 verbose headers   'cache-control': 'max-age=300',
662 verbose headers   etag: '"A2WFQOVCYSXLEGQ5B5D2A8KGT"',
662 verbose headers   age: '246',
662 verbose headers   connection: 'keep-alive',
662 verbose headers   'x-served-by': 'cache-sea1923-SEA',
662 verbose headers   'x-cache': 'HIT',
662 verbose headers   'x-cache-hits': '41',
662 verbose headers   'x-timer': 'S1478554060.029921,VS0,VE0',
662 verbose headers   vary: 'Accept-Encoding' }
663 silly get cb [ 304,
663 silly get   { date: 'Mon, 07 Nov 2016 21:27:40 GMT',
663 silly get     via: '1.1 varnish',
663 silly get     'cache-control': 'max-age=300',
663 silly get     etag: '"A2WFQOVCYSXLEGQ5B5D2A8KGT"',
663 silly get     age: '246',
663 silly get     connection: 'keep-alive',
663 silly get     'x-served-by': 'cache-sea1923-SEA',
663 silly get     'x-cache': 'HIT',
663 silly get     'x-cache-hits': '41',
663 silly get     'x-timer': 'S1478554060.029921,VS0,VE0',
663 silly get     vary: 'Accept-Encoding' } ]
664 verbose etag https://registry.npmjs.org/isexe from cache
665 verbose get saving isexe to /Users/mikefree/.npm/registry.npmjs.org/isexe/.cache.json
666 verbose correctMkdir /Users/mikefree/.npm correctMkdir not in flight; initializing
667 silly resolveWithNewModule isexe@1.1.2 checking installable status
668 silly cache add args [ 'isexe@^1.1.1', null ]
669 verbose cache add spec isexe@^1.1.1
670 silly cache add parsed spec Result {
670 silly cache add   raw: 'isexe@^1.1.1',
670 silly cache add   scope: null,
670 silly cache add   escapedName: 'isexe',
670 silly cache add   name: 'isexe',
670 silly cache add   rawSpec: '^1.1.1',
670 silly cache add   spec: '>=1.1.1 <2.0.0',
670 silly cache add   type: 'range' }
671 silly addNamed isexe@>=1.1.1 <2.0.0
672 verbose addNamed ">=1.1.1 <2.0.0" is a valid semver range for isexe
673 silly addNameRange { name: 'isexe', range: '>=1.1.1 <2.0.0', hasData: false }
674 silly mapToRegistry name isexe
675 silly mapToRegistry using default registry
676 silly mapToRegistry registry https://registry.npmjs.org/
677 silly mapToRegistry data Result {
677 silly mapToRegistry   raw: 'isexe',
677 silly mapToRegistry   scope: null,
677 silly mapToRegistry   escapedName: 'isexe',
677 silly mapToRegistry   name: 'isexe',
677 silly mapToRegistry   rawSpec: '',
677 silly mapToRegistry   spec: 'latest',
677 silly mapToRegistry   type: 'tag' }
678 silly mapToRegistry uri https://registry.npmjs.org/isexe
679 verbose addNameRange registry:https://registry.npmjs.org/isexe not in flight; fetching
680 verbose get https://registry.npmjs.org/isexe not expired, no request
681 silly addNameRange number 2 { name: 'isexe', range: '>=1.1.1 <2.0.0', hasData: true }
682 silly addNameRange versions [ 'isexe', [ '1.0.0', '1.0.1', '1.1.0', '1.1.1', '1.1.2' ] ]
683 silly addNamed isexe@1.1.2
684 verbose addNamed "1.1.2" is a plain semver version for isexe
685 silly cache afterAdd isexe@1.1.2
686 verbose afterAdd /Users/mikefree/.npm/isexe/1.1.2/package/package.json not in flight; writing
687 verbose correctMkdir /Users/mikefree/.npm correctMkdir not in flight; initializing
688 verbose afterAdd /Users/mikefree/.npm/isexe/1.1.2/package/package.json written
689 silly fetchNamedPackageData pinkie-promise
690 silly mapToRegistry name pinkie-promise
691 silly mapToRegistry using default registry
692 silly mapToRegistry registry https://registry.npmjs.org/
693 silly mapToRegistry data Result {
693 silly mapToRegistry   raw: 'pinkie-promise',
693 silly mapToRegistry   scope: null,
693 silly mapToRegistry   escapedName: 'pinkie-promise',
693 silly mapToRegistry   name: 'pinkie-promise',
693 silly mapToRegistry   rawSpec: '',
693 silly mapToRegistry   spec: 'latest',
693 silly mapToRegistry   type: 'tag' }
694 silly mapToRegistry uri https://registry.npmjs.org/pinkie-promise
695 verbose request uri https://registry.npmjs.org/pinkie-promise
696 verbose request no auth needed
697 info attempt registry request try #1 at 1:27:40 PM
698 verbose etag "404GGCYW557Y55O4L4VTS7WZO"
699 http request GET https://registry.npmjs.org/pinkie-promise
700 http 304 https://registry.npmjs.org/pinkie-promise
701 verbose headers { date: 'Mon, 07 Nov 2016 21:27:40 GMT',
701 verbose headers   via: '1.1 varnish',
701 verbose headers   'cache-control': 'max-age=300',
701 verbose headers   etag: '"404GGCYW557Y55O4L4VTS7WZO"',
701 verbose headers   age: '257',
701 verbose headers   connection: 'keep-alive',
701 verbose headers   'x-served-by': 'cache-sea1922-SEA',
701 verbose headers   'x-cache': 'HIT',
701 verbose headers   'x-cache-hits': '76',
701 verbose headers   'x-timer': 'S1478554060.064346,VS0,VE0',
701 verbose headers   vary: 'Accept-Encoding' }
702 silly get cb [ 304,
702 silly get   { date: 'Mon, 07 Nov 2016 21:27:40 GMT',
702 silly get     via: '1.1 varnish',
702 silly get     'cache-control': 'max-age=300',
702 silly get     etag: '"404GGCYW557Y55O4L4VTS7WZO"',
702 silly get     age: '257',
702 silly get     connection: 'keep-alive',
702 silly get     'x-served-by': 'cache-sea1922-SEA',
702 silly get     'x-cache': 'HIT',
702 silly get     'x-cache-hits': '76',
702 silly get     'x-timer': 'S1478554060.064346,VS0,VE0',
702 silly get     vary: 'Accept-Encoding' } ]
703 verbose etag https://registry.npmjs.org/pinkie-promise from cache
704 verbose get saving pinkie-promise to /Users/mikefree/.npm/registry.npmjs.org/pinkie-promise/.cache.json
705 verbose correctMkdir /Users/mikefree/.npm correctMkdir not in flight; initializing
706 silly resolveWithNewModule pinkie-promise@2.0.1 checking installable status
707 silly cache add args [ 'pinkie-promise@^2.0.0', null ]
708 verbose cache add spec pinkie-promise@^2.0.0
709 silly cache add parsed spec Result {
709 silly cache add   raw: 'pinkie-promise@^2.0.0',
709 silly cache add   scope: null,
709 silly cache add   escapedName: 'pinkie-promise',
709 silly cache add   name: 'pinkie-promise',
709 silly cache add   rawSpec: '^2.0.0',
709 silly cache add   spec: '>=2.0.0 <3.0.0',
709 silly cache add   type: 'range' }
710 silly addNamed pinkie-promise@>=2.0.0 <3.0.0
711 verbose addNamed ">=2.0.0 <3.0.0" is a valid semver range for pinkie-promise
712 silly addNameRange { name: 'pinkie-promise',
712 silly addNameRange   range: '>=2.0.0 <3.0.0',
712 silly addNameRange   hasData: false }
713 silly mapToRegistry name pinkie-promise
714 silly mapToRegistry using default registry
715 silly mapToRegistry registry https://registry.npmjs.org/
716 silly mapToRegistry data Result {
716 silly mapToRegistry   raw: 'pinkie-promise',
716 silly mapToRegistry   scope: null,
716 silly mapToRegistry   escapedName: 'pinkie-promise',
716 silly mapToRegistry   name: 'pinkie-promise',
716 silly mapToRegistry   rawSpec: '',
716 silly mapToRegistry   spec: 'latest',
716 silly mapToRegistry   type: 'tag' }
717 silly mapToRegistry uri https://registry.npmjs.org/pinkie-promise
718 verbose addNameRange registry:https://registry.npmjs.org/pinkie-promise not in flight; fetching
719 verbose get https://registry.npmjs.org/pinkie-promise not expired, no request
720 silly addNameRange number 2 { name: 'pinkie-promise',
720 silly addNameRange   range: '>=2.0.0 <3.0.0',
720 silly addNameRange   hasData: true }
721 silly addNameRange versions [ 'pinkie-promise', [ '1.0.0', '2.0.0', '2.0.1' ] ]
722 silly addNamed pinkie-promise@2.0.1
723 verbose addNamed "2.0.1" is a plain semver version for pinkie-promise
724 silly cache afterAdd pinkie-promise@2.0.1
725 verbose afterAdd /Users/mikefree/.npm/pinkie-promise/2.0.1/package/package.json not in flight; writing
726 verbose correctMkdir /Users/mikefree/.npm correctMkdir not in flight; initializing
727 verbose afterAdd /Users/mikefree/.npm/pinkie-promise/2.0.1/package/package.json written
728 silly fetchNamedPackageData pinkie
729 silly mapToRegistry name pinkie
730 silly mapToRegistry using default registry
731 silly mapToRegistry registry https://registry.npmjs.org/
732 silly mapToRegistry data Result {
732 silly mapToRegistry   raw: 'pinkie',
732 silly mapToRegistry   scope: null,
732 silly mapToRegistry   escapedName: 'pinkie',
732 silly mapToRegistry   name: 'pinkie',
732 silly mapToRegistry   rawSpec: '',
732 silly mapToRegistry   spec: 'latest',
732 silly mapToRegistry   type: 'tag' }
733 silly mapToRegistry uri https://registry.npmjs.org/pinkie
734 verbose request uri https://registry.npmjs.org/pinkie
735 verbose request no auth needed
736 info attempt registry request try #1 at 1:27:40 PM
737 verbose etag "B4ZJ2P8AV6VFO4775DHXNHYM"
738 http request GET https://registry.npmjs.org/pinkie
739 http 304 https://registry.npmjs.org/pinkie
740 verbose headers { date: 'Mon, 07 Nov 2016 21:27:40 GMT',
740 verbose headers   via: '1.1 varnish',
740 verbose headers   'cache-control': 'max-age=300',
740 verbose headers   etag: '"B4ZJ2P8AV6VFO4775DHXNHYM"',
740 verbose headers   age: '139',
740 verbose headers   connection: 'keep-alive',
740 verbose headers   'x-served-by': 'cache-sea1923-SEA',
740 verbose headers   'x-cache': 'HIT',
740 verbose headers   'x-cache-hits': '52',
740 verbose headers   'x-timer': 'S1478554060.111147,VS0,VE0',
740 verbose headers   vary: 'Accept-Encoding' }
741 silly get cb [ 304,
741 silly get   { date: 'Mon, 07 Nov 2016 21:27:40 GMT',
741 silly get     via: '1.1 varnish',
741 silly get     'cache-control': 'max-age=300',
741 silly get     etag: '"B4ZJ2P8AV6VFO4775DHXNHYM"',
741 silly get     age: '139',
741 silly get     connection: 'keep-alive',
741 silly get     'x-served-by': 'cache-sea1923-SEA',
741 silly get     'x-cache': 'HIT',
741 silly get     'x-cache-hits': '52',
741 silly get     'x-timer': 'S1478554060.111147,VS0,VE0',
741 silly get     vary: 'Accept-Encoding' } ]
742 verbose etag https://registry.npmjs.org/pinkie from cache
743 verbose get saving pinkie to /Users/mikefree/.npm/registry.npmjs.org/pinkie/.cache.json
744 verbose correctMkdir /Users/mikefree/.npm correctMkdir not in flight; initializing
745 silly resolveWithNewModule pinkie@2.0.4 checking installable status
746 silly cache add args [ 'pinkie@^2.0.0', null ]
747 verbose cache add spec pinkie@^2.0.0
748 silly cache add parsed spec Result {
748 silly cache add   raw: 'pinkie@^2.0.0',
748 silly cache add   scope: null,
748 silly cache add   escapedName: 'pinkie',
748 silly cache add   name: 'pinkie',
748 silly cache add   rawSpec: '^2.0.0',
748 silly cache add   spec: '>=2.0.0 <3.0.0',
748 silly cache add   type: 'range' }
749 silly addNamed pinkie@>=2.0.0 <3.0.0
750 verbose addNamed ">=2.0.0 <3.0.0" is a valid semver range for pinkie
751 silly addNameRange { name: 'pinkie', range: '>=2.0.0 <3.0.0', hasData: false }
752 silly mapToRegistry name pinkie
753 silly mapToRegistry using default registry
754 silly mapToRegistry registry https://registry.npmjs.org/
755 silly mapToRegistry data Result {
755 silly mapToRegistry   raw: 'pinkie',
755 silly mapToRegistry   scope: null,
755 silly mapToRegistry   escapedName: 'pinkie',
755 silly mapToRegistry   name: 'pinkie',
755 silly mapToRegistry   rawSpec: '',
755 silly mapToRegistry   spec: 'latest',
755 silly mapToRegistry   type: 'tag' }
756 silly mapToRegistry uri https://registry.npmjs.org/pinkie
757 verbose addNameRange registry:https://registry.npmjs.org/pinkie not in flight; fetching
758 verbose get https://registry.npmjs.org/pinkie not expired, no request
759 silly addNameRange number 2 { name: 'pinkie', range: '>=2.0.0 <3.0.0', hasData: true }
760 silly addNameRange versions [ 'pinkie',
760 silly addNameRange   [ '0.0.0',
760 silly addNameRange     '0.0.1',
760 silly addNameRange     '0.0.2',
760 silly addNameRange     '1.0.0',
760 silly addNameRange     '2.0.0',
760 silly addNameRange     '2.0.1',
760 silly addNameRange     '2.0.2',
760 silly addNameRange     '2.0.3',
760 silly addNameRange     '2.0.4' ] ]
761 silly addNamed pinkie@2.0.4
762 verbose addNamed "2.0.4" is a plain semver version for pinkie
763 silly cache afterAdd pinkie@2.0.4
764 verbose afterAdd /Users/mikefree/.npm/pinkie/2.0.4/package/package.json not in flight; writing
765 verbose correctMkdir /Users/mikefree/.npm correctMkdir not in flight; initializing
766 verbose afterAdd /Users/mikefree/.npm/pinkie/2.0.4/package/package.json written
767 silly loadAllDepsIntoIdealTree Finishing
768 silly loadIdealTree Finishing
769 silly currentTree lib
769 silly currentTree  create-react-app@0.5.0
769 silly currentTree    ansi-regex@2.0.0
769 silly currentTree    ansi-styles@2.2.1
769 silly currentTree    chalk@1.1.3
769 silly currentTree    cross-spawn@4.0.2
769 silly currentTree    escape-string-regexp@1.0.5
769 silly currentTree    has-ansi@2.0.0
769 silly currentTree    isexe@1.1.2
769 silly currentTree    lru-cache@4.0.1
769 silly currentTree    minimist@1.2.0
769 silly currentTree    path-exists@2.1.0
769 silly currentTree    pinkie-promise@2.0.1
769 silly currentTree    pinkie@2.0.4
769 silly currentTree    pseudomap@1.0.2
769 silly currentTree    semver@5.3.0
769 silly currentTree    strip-ansi@3.0.1
769 silly currentTree    supports-color@2.0.0
769 silly currentTree    which@1.2.11
769 silly currentTree    yallist@2.0.0
770 silly idealTree lib
770 silly idealTree  create-react-app@0.6.0
770 silly idealTree    ansi-regex@2.0.0
770 silly idealTree    ansi-styles@2.2.1
770 silly idealTree    chalk@1.1.3
770 silly idealTree    cross-spawn@4.0.2
770 silly idealTree    escape-string-regexp@1.0.5
770 silly idealTree    has-ansi@2.0.0
770 silly idealTree    isexe@1.1.2
770 silly idealTree    lru-cache@4.0.1
770 silly idealTree    minimist@1.2.0
770 silly idealTree    path-exists@2.1.0
770 silly idealTree    pinkie-promise@2.0.1
770 silly idealTree    pinkie@2.0.4
770 silly idealTree    pseudomap@1.0.2
770 silly idealTree    semver@5.3.0
770 silly idealTree    strip-ansi@3.0.1
770 silly idealTree    supports-color@2.0.0
770 silly idealTree    which@1.2.11
770 silly idealTree    yallist@2.0.0
771 silly generateActionsToTake Starting
772 silly install generateActionsToTake
773 warn checkPermissions Missing write access to /usr/local/lib/node_modules/create-react-app
774 warn checkPermissions Missing write access to /usr/local/lib/node_modules
775 silly rollbackFailedOptional Starting
776 silly rollbackFailedOptional Finishing
777 silly runTopLevelLifecycles Starting
778 silly runTopLevelLifecycles Finishing
779 silly install printInstalled
780 verbose stack Error: EACCES: permission denied, access '/usr/local/lib/node_modules/create-react-app'
780 verbose stack     at Error (native)
781 verbose cwd /Users/mikefree/Documents/info343c-a16/m16-react-tools
782 error Darwin 14.1.0
783 error argv "/usr/local/bin/node" "/usr/local/bin/npm" "install" "-g" "create-react-app"
784 error node v6.6.0
785 error npm  v3.10.3
786 error path /usr/local/lib/node_modules/create-react-app
787 error code EACCES
788 error errno -13
789 error syscall access
790 error Error: EACCES: permission denied, access '/usr/local/lib/node_modules/create-react-app'
790 error     at Error (native)
790 error  { Error: EACCES: permission denied, access '/usr/local/lib/node_modules/create-react-app'
790 error     at Error (native)
790 error   errno: -13,
790 error   code: 'EACCES',
790 error   syscall: 'access',
790 error   path: '/usr/local/lib/node_modules/create-react-app' }
791 error Please try running this command again as root/Administrator.
792 verbose exit [ -13, true ]
